ARM GAS  /tmp/ccD7wULe.s 			page 1


   1              		.cpu cortex-m0
   2              		.arch armv6s-m
   3              		.fpu softvfp
   4              		.eabi_attribute 20, 1
   5              		.eabi_attribute 21, 1
   6              		.eabi_attribute 23, 3
   7              		.eabi_attribute 24, 1
   8              		.eabi_attribute 25, 1
   9              		.eabi_attribute 26, 1
  10              		.eabi_attribute 30, 1
  11              		.eabi_attribute 34, 0
  12              		.eabi_attribute 18, 4
  13              		.file	"prj_main.c"
  14              		.text
  15              	.Ltext0:
  16              		.cfi_sections	.debug_frame
  17              		.file 1 "prj/prj_main.c"
  18              		.section	.text.prj_main,"ax",%progbits
  19              		.align	1
  20              		.global	prj_main
  21              		.syntax unified
  22              		.code	16
  23              		.thumb_func
  25              	prj_main:
  26              	.LFB40:
   1:prj/prj_main.c **** #include "prj_main.h"
   2:prj/prj_main.c **** #include "stm32f0xx_hal.h"
   3:prj/prj_main.c **** 
   4:prj/prj_main.c **** #include "font_freemono.h"
   5:prj/prj_main.c **** 
   6:prj/prj_main.c **** void prj_main() {
  27              		.loc 1 6 17 view -0
  28              		.cfi_startproc
  29              		@ Volatile: function does not return.
  30              		@ args = 0, pretend = 0, frame = 0
  31              		@ frame_needed = 0, uses_anonymous_args = 0
  32              		@ link register save eliminated.
  33              	.L2:
   7:prj/prj_main.c ****     while (1) {
  34              		.loc 1 7 5 view .LVU1
   8:prj/prj_main.c **** 
   9:prj/prj_main.c **** 
  10:prj/prj_main.c ****     }
  35              		.loc 1 10 5 view .LVU2
   7:prj/prj_main.c ****     while (1) {
  36              		.loc 1 7 11 view .LVU3
  37 0000 FEE7     		b	.L2
  38              		.cfi_endproc
  39              	.LFE40:
  41              		.global	Font_FreeMono_16x24
  42              		.section	.data.Font_FreeMono_16x24,"aw"
  43              		.align	2
  46              	Font_FreeMono_16x24:
  47 0000 10       		.byte	16
  48 0001 18       		.byte	24
  49 0002 0000     		.space	2
  50 0004 00000000 		.word	_FontFreeMono_16x24
ARM GAS  /tmp/ccD7wULe.s 			page 2


  51              		.section	.rodata._FontFreeMono_16x24,"a"
  52              		.align	2
  55              	_FontFreeMono_16x24:
  56 0000 0000     		.short	0
  57 0002 0000     		.short	0
  58 0004 0000     		.short	0
  59 0006 0000     		.short	0
  60 0008 0000     		.short	0
  61 000a 0000     		.short	0
  62 000c 0000     		.short	0
  63 000e 0000     		.short	0
  64 0010 0000     		.short	0
  65 0012 0000     		.short	0
  66 0014 0000     		.short	0
  67 0016 0000     		.short	0
  68 0018 0000     		.short	0
  69 001a 0000     		.short	0
  70 001c 0000     		.short	0
  71 001e 0000     		.short	0
  72 0020 0000     		.short	0
  73 0022 0000     		.short	0
  74 0024 0000     		.short	0
  75 0026 0000     		.short	0
  76 0028 0000     		.short	0
  77 002a 0000     		.short	0
  78 002c 0000     		.short	0
  79 002e 0000     		.short	0
  80 0030 0000     		.short	0
  81 0032 0000     		.short	0
  82 0034 0000     		.short	0
  83 0036 0000     		.short	0
  84 0038 0000     		.short	0
  85 003a 8000     		.short	128
  86 003c 8000     		.short	128
  87 003e 8000     		.short	128
  88 0040 8000     		.short	128
  89 0042 8000     		.short	128
  90 0044 8000     		.short	128
  91 0046 8000     		.short	128
  92 0048 8000     		.short	128
  93 004a 8000     		.short	128
  94 004c 8000     		.short	128
  95 004e 0000     		.short	0
  96 0050 0000     		.short	0
  97 0052 0000     		.short	0
  98 0054 C001     		.short	448
  99 0056 C001     		.short	448
 100 0058 0000     		.short	0
 101 005a 0000     		.short	0
 102 005c 0000     		.short	0
 103 005e 0000     		.short	0
 104 0060 0000     		.short	0
 105 0062 0000     		.short	0
 106 0064 0000     		.short	0
 107 0066 0000     		.short	0
 108 0068 0000     		.short	0
 109 006a 3807     		.short	1848
ARM GAS  /tmp/ccD7wULe.s 			page 3


 110 006c 3807     		.short	1848
 111 006e 3002     		.short	560
 112 0070 3002     		.short	560
 113 0072 1002     		.short	528
 114 0074 1002     		.short	528
 115 0076 1002     		.short	528
 116 0078 0000     		.short	0
 117 007a 0000     		.short	0
 118 007c 0000     		.short	0
 119 007e 0000     		.short	0
 120 0080 0000     		.short	0
 121 0082 0000     		.short	0
 122 0084 0000     		.short	0
 123 0086 0000     		.short	0
 124 0088 0000     		.short	0
 125 008a 0000     		.short	0
 126 008c 0000     		.short	0
 127 008e 0000     		.short	0
 128 0090 0000     		.short	0
 129 0092 0000     		.short	0
 130 0094 0000     		.short	0
 131 0096 0000     		.short	0
 132 0098 4002     		.short	576
 133 009a 4002     		.short	576
 134 009c 4002     		.short	576
 135 009e 4002     		.short	576
 136 00a0 2002     		.short	544
 137 00a2 2001     		.short	288
 138 00a4 F00F     		.short	4080
 139 00a6 2001     		.short	288
 140 00a8 2001     		.short	288
 141 00aa 2001     		.short	288
 142 00ac F807     		.short	2040
 143 00ae 2001     		.short	288
 144 00b0 2001     		.short	288
 145 00b2 2001     		.short	288
 146 00b4 2001     		.short	288
 147 00b6 2001     		.short	288
 148 00b8 2001     		.short	288
 149 00ba 0000     		.short	0
 150 00bc 0000     		.short	0
 151 00be 0000     		.short	0
 152 00c0 0000     		.short	0
 153 00c2 0000     		.short	0
 154 00c4 0000     		.short	0
 155 00c6 0000     		.short	0
 156 00c8 0000     		.short	0
 157 00ca 8000     		.short	128
 158 00cc E005     		.short	1504
 159 00ce 1006     		.short	1552
 160 00d0 0804     		.short	1032
 161 00d2 0800     		.short	8
 162 00d4 0800     		.short	8
 163 00d6 7000     		.short	112
 164 00d8 C003     		.short	960
 165 00da 0004     		.short	1024
 166 00dc 0008     		.short	2048
ARM GAS  /tmp/ccD7wULe.s 			page 4


 167 00de 0408     		.short	2052
 168 00e0 0408     		.short	2052
 169 00e2 1C04     		.short	1052
 170 00e4 F403     		.short	1012
 171 00e6 8000     		.short	128
 172 00e8 8000     		.short	128
 173 00ea 8000     		.short	128
 174 00ec 0000     		.short	0
 175 00ee 0000     		.short	0
 176 00f0 0000     		.short	0
 177 00f2 0000     		.short	0
 178 00f4 0000     		.short	0
 179 00f6 0000     		.short	0
 180 00f8 0000     		.short	0
 181 00fa F000     		.short	240
 182 00fc 9801     		.short	408
 183 00fe 0801     		.short	264
 184 0100 0801     		.short	264
 185 0102 9801     		.short	408
 186 0104 F000     		.short	240
 187 0106 000C     		.short	3072
 188 0108 8003     		.short	896
 189 010a 7800     		.short	120
 190 010c 8007     		.short	1920
 191 010e C00C     		.short	3264
 192 0110 4008     		.short	2112
 193 0112 4008     		.short	2112
 194 0114 C00C     		.short	3264
 195 0116 8007     		.short	1920
 196 0118 0000     		.short	0
 197 011a 0000     		.short	0
 198 011c 0000     		.short	0
 199 011e 0000     		.short	0
 200 0120 0000     		.short	0
 201 0122 0000     		.short	0
 202 0124 0000     		.short	0
 203 0126 0000     		.short	0
 204 0128 0000     		.short	0
 205 012a 0000     		.short	0
 206 012c 0000     		.short	0
 207 012e 0000     		.short	0
 208 0130 E003     		.short	992
 209 0132 3000     		.short	48
 210 0134 1000     		.short	16
 211 0136 1000     		.short	16
 212 0138 2000     		.short	32
 213 013a 3000     		.short	48
 214 013c 5804     		.short	1112
 215 013e 8802     		.short	648
 216 0140 8802     		.short	648
 217 0142 0803     		.short	776
 218 0144 1803     		.short	792
 219 0146 F006     		.short	1776
 220 0148 0000     		.short	0
 221 014a 0000     		.short	0
 222 014c 0000     		.short	0
 223 014e 0000     		.short	0
ARM GAS  /tmp/ccD7wULe.s 			page 5


 224 0150 0000     		.short	0
 225 0152 0000     		.short	0
 226 0154 0000     		.short	0
 227 0156 0000     		.short	0
 228 0158 0000     		.short	0
 229 015a E000     		.short	224
 230 015c E000     		.short	224
 231 015e 4000     		.short	64
 232 0160 4000     		.short	64
 233 0162 4000     		.short	64
 234 0164 4000     		.short	64
 235 0166 4000     		.short	64
 236 0168 0000     		.short	0
 237 016a 0000     		.short	0
 238 016c 0000     		.short	0
 239 016e 0000     		.short	0
 240 0170 0000     		.short	0
 241 0172 0000     		.short	0
 242 0174 0000     		.short	0
 243 0176 0000     		.short	0
 244 0178 0000     		.short	0
 245 017a 0000     		.short	0
 246 017c 0000     		.short	0
 247 017e 0000     		.short	0
 248 0180 0000     		.short	0
 249 0182 0000     		.short	0
 250 0184 0000     		.short	0
 251 0186 0000     		.short	0
 252 0188 0000     		.short	0
 253 018a 0000     		.short	0
 254 018c 0002     		.short	512
 255 018e 0001     		.short	256
 256 0190 0001     		.short	256
 257 0192 0001     		.short	256
 258 0194 8000     		.short	128
 259 0196 8000     		.short	128
 260 0198 8000     		.short	128
 261 019a 8000     		.short	128
 262 019c 8000     		.short	128
 263 019e 8000     		.short	128
 264 01a0 8000     		.short	128
 265 01a2 8000     		.short	128
 266 01a4 0001     		.short	256
 267 01a6 0001     		.short	256
 268 01a8 0001     		.short	256
 269 01aa 0002     		.short	512
 270 01ac 0002     		.short	512
 271 01ae 0000     		.short	0
 272 01b0 0000     		.short	0
 273 01b2 0000     		.short	0
 274 01b4 0000     		.short	0
 275 01b6 0000     		.short	0
 276 01b8 0000     		.short	0
 277 01ba 0000     		.short	0
 278 01bc 1000     		.short	16
 279 01be 2000     		.short	32
 280 01c0 2000     		.short	32
ARM GAS  /tmp/ccD7wULe.s 			page 6


 281 01c2 2000     		.short	32
 282 01c4 4000     		.short	64
 283 01c6 4000     		.short	64
 284 01c8 4000     		.short	64
 285 01ca 4000     		.short	64
 286 01cc 4000     		.short	64
 287 01ce 4000     		.short	64
 288 01d0 4000     		.short	64
 289 01d2 4000     		.short	64
 290 01d4 2000     		.short	32
 291 01d6 2000     		.short	32
 292 01d8 2000     		.short	32
 293 01da 1000     		.short	16
 294 01dc 1000     		.short	16
 295 01de 0000     		.short	0
 296 01e0 0000     		.short	0
 297 01e2 0000     		.short	0
 298 01e4 0000     		.short	0
 299 01e6 0000     		.short	0
 300 01e8 8000     		.short	128
 301 01ea 8000     		.short	128
 302 01ec 8000     		.short	128
 303 01ee 980E     		.short	3736
 304 01f0 E003     		.short	992
 305 01f2 C000     		.short	192
 306 01f4 6001     		.short	352
 307 01f6 2002     		.short	544
 308 01f8 0002     		.short	512
 309 01fa 0000     		.short	0
 310 01fc 0000     		.short	0
 311 01fe 0000     		.short	0
 312 0200 0000     		.short	0
 313 0202 0000     		.short	0
 314 0204 0000     		.short	0
 315 0206 0000     		.short	0
 316 0208 0000     		.short	0
 317 020a 0000     		.short	0
 318 020c 0000     		.short	0
 319 020e 0000     		.short	0
 320 0210 0000     		.short	0
 321 0212 0000     		.short	0
 322 0214 0000     		.short	0
 323 0216 0000     		.short	0
 324 0218 0000     		.short	0
 325 021a 0000     		.short	0
 326 021c 0000     		.short	0
 327 021e 0000     		.short	0
 328 0220 8000     		.short	128
 329 0222 8000     		.short	128
 330 0224 8000     		.short	128
 331 0226 8000     		.short	128
 332 0228 8000     		.short	128
 333 022a F80F     		.short	4088
 334 022c 8000     		.short	128
 335 022e 8000     		.short	128
 336 0230 8000     		.short	128
 337 0232 8000     		.short	128
ARM GAS  /tmp/ccD7wULe.s 			page 7


 338 0234 8000     		.short	128
 339 0236 0000     		.short	0
 340 0238 0000     		.short	0
 341 023a 0000     		.short	0
 342 023c 0000     		.short	0
 343 023e 0000     		.short	0
 344 0240 0000     		.short	0
 345 0242 0000     		.short	0
 346 0244 0000     		.short	0
 347 0246 0000     		.short	0
 348 0248 0000     		.short	0
 349 024a 0000     		.short	0
 350 024c 0000     		.short	0
 351 024e 0000     		.short	0
 352 0250 0000     		.short	0
 353 0252 0000     		.short	0
 354 0254 0000     		.short	0
 355 0256 0000     		.short	0
 356 0258 0000     		.short	0
 357 025a 0000     		.short	0
 358 025c 0000     		.short	0
 359 025e 0000     		.short	0
 360 0260 E000     		.short	224
 361 0262 7000     		.short	112
 362 0264 7000     		.short	112
 363 0266 3000     		.short	48
 364 0268 3800     		.short	56
 365 026a 1800     		.short	24
 366 026c 0800     		.short	8
 367 026e 0000     		.short	0
 368 0270 0000     		.short	0
 369 0272 0000     		.short	0
 370 0274 0000     		.short	0
 371 0276 0000     		.short	0
 372 0278 0000     		.short	0
 373 027a 0000     		.short	0
 374 027c 0000     		.short	0
 375 027e 0000     		.short	0
 376 0280 0000     		.short	0
 377 0282 0000     		.short	0
 378 0284 0000     		.short	0
 379 0286 0000     		.short	0
 380 0288 0000     		.short	0
 381 028a FC1F     		.short	8188
 382 028c 0000     		.short	0
 383 028e 0000     		.short	0
 384 0290 0000     		.short	0
 385 0292 0000     		.short	0
 386 0294 0000     		.short	0
 387 0296 0000     		.short	0
 388 0298 0000     		.short	0
 389 029a 0000     		.short	0
 390 029c 0000     		.short	0
 391 029e 0000     		.short	0
 392 02a0 0000     		.short	0
 393 02a2 0000     		.short	0
 394 02a4 0000     		.short	0
ARM GAS  /tmp/ccD7wULe.s 			page 8


 395 02a6 0000     		.short	0
 396 02a8 0000     		.short	0
 397 02aa 0000     		.short	0
 398 02ac 0000     		.short	0
 399 02ae 0000     		.short	0
 400 02b0 0000     		.short	0
 401 02b2 0000     		.short	0
 402 02b4 0000     		.short	0
 403 02b6 0000     		.short	0
 404 02b8 0000     		.short	0
 405 02ba 0000     		.short	0
 406 02bc 0000     		.short	0
 407 02be 0000     		.short	0
 408 02c0 0000     		.short	0
 409 02c2 E000     		.short	224
 410 02c4 E000     		.short	224
 411 02c6 E000     		.short	224
 412 02c8 0000     		.short	0
 413 02ca 0000     		.short	0
 414 02cc 0000     		.short	0
 415 02ce 0000     		.short	0
 416 02d0 0000     		.short	0
 417 02d2 0000     		.short	0
 418 02d4 0000     		.short	0
 419 02d6 0008     		.short	2048
 420 02d8 000C     		.short	3072
 421 02da 0004     		.short	1024
 422 02dc 0004     		.short	1024
 423 02de 0002     		.short	512
 424 02e0 0002     		.short	512
 425 02e2 0001     		.short	256
 426 02e4 0001     		.short	256
 427 02e6 8000     		.short	128
 428 02e8 8000     		.short	128
 429 02ea 4000     		.short	64
 430 02ec 4000     		.short	64
 431 02ee 2000     		.short	32
 432 02f0 2000     		.short	32
 433 02f2 1000     		.short	16
 434 02f4 1000     		.short	16
 435 02f6 0800     		.short	8
 436 02f8 0800     		.short	8
 437 02fa 0000     		.short	0
 438 02fc 0000     		.short	0
 439 02fe 0000     		.short	0
 440 0300 0000     		.short	0
 441 0302 0000     		.short	0
 442 0304 0000     		.short	0
 443 0306 0000     		.short	0
 444 0308 0000     		.short	0
 445 030a C001     		.short	448
 446 030c 3006     		.short	1584
 447 030e 1004     		.short	1040
 448 0310 080C     		.short	3080
 449 0312 0808     		.short	2056
 450 0314 0808     		.short	2056
 451 0316 0808     		.short	2056
ARM GAS  /tmp/ccD7wULe.s 			page 9


 452 0318 0808     		.short	2056
 453 031a 0808     		.short	2056
 454 031c 0808     		.short	2056
 455 031e 0808     		.short	2056
 456 0320 180C     		.short	3096
 457 0322 1004     		.short	1040
 458 0324 3006     		.short	1584
 459 0326 C001     		.short	448
 460 0328 0000     		.short	0
 461 032a 0000     		.short	0
 462 032c 0000     		.short	0
 463 032e 0000     		.short	0
 464 0330 0000     		.short	0
 465 0332 0000     		.short	0
 466 0334 0000     		.short	0
 467 0336 0000     		.short	0
 468 0338 0000     		.short	0
 469 033a C000     		.short	192
 470 033c E000     		.short	224
 471 033e A000     		.short	160
 472 0340 9000     		.short	144
 473 0342 8000     		.short	128
 474 0344 8000     		.short	128
 475 0346 8000     		.short	128
 476 0348 8000     		.short	128
 477 034a 8000     		.short	128
 478 034c 8000     		.short	128
 479 034e 8000     		.short	128
 480 0350 8000     		.short	128
 481 0352 8000     		.short	128
 482 0354 F007     		.short	2032
 483 0356 0000     		.short	0
 484 0358 0000     		.short	0
 485 035a 0000     		.short	0
 486 035c 0000     		.short	0
 487 035e 0000     		.short	0
 488 0360 0000     		.short	0
 489 0362 0000     		.short	0
 490 0364 0000     		.short	0
 491 0366 0000     		.short	0
 492 0368 0000     		.short	0
 493 036a E001     		.short	480
 494 036c 1002     		.short	528
 495 036e 0806     		.short	1544
 496 0370 0804     		.short	1032
 497 0372 0004     		.short	1024
 498 0374 0006     		.short	1536
 499 0376 0002     		.short	512
 500 0378 0001     		.short	256
 501 037a 8001     		.short	384
 502 037c C000     		.short	192
 503 037e 6000     		.short	96
 504 0380 3000     		.short	48
 505 0382 1804     		.short	1048
 506 0384 0C04     		.short	1036
 507 0386 FC07     		.short	2044
 508 0388 0000     		.short	0
ARM GAS  /tmp/ccD7wULe.s 			page 10


 509 038a 0000     		.short	0
 510 038c 0000     		.short	0
 511 038e 0000     		.short	0
 512 0390 0000     		.short	0
 513 0392 0000     		.short	0
 514 0394 0000     		.short	0
 515 0396 0000     		.short	0
 516 0398 0000     		.short	0
 517 039a F001     		.short	496
 518 039c 0802     		.short	520
 519 039e 0004     		.short	1024
 520 03a0 0004     		.short	1024
 521 03a2 0004     		.short	1024
 522 03a4 0002     		.short	512
 523 03a6 C001     		.short	448
 524 03a8 0002     		.short	512
 525 03aa 0004     		.short	1024
 526 03ac 0008     		.short	2048
 527 03ae 0008     		.short	2048
 528 03b0 0008     		.short	2048
 529 03b2 0004     		.short	1024
 530 03b4 1806     		.short	1560
 531 03b6 F001     		.short	496
 532 03b8 0000     		.short	0
 533 03ba 0000     		.short	0
 534 03bc 0000     		.short	0
 535 03be 0000     		.short	0
 536 03c0 0000     		.short	0
 537 03c2 0000     		.short	0
 538 03c4 0000     		.short	0
 539 03c6 0000     		.short	0
 540 03c8 0000     		.short	0
 541 03ca 0003     		.short	768
 542 03cc 8002     		.short	640
 543 03ce 8002     		.short	640
 544 03d0 4002     		.short	576
 545 03d2 2002     		.short	544
 546 03d4 2002     		.short	544
 547 03d6 1002     		.short	528
 548 03d8 1002     		.short	528
 549 03da 0802     		.short	520
 550 03dc 0802     		.short	520
 551 03de F807     		.short	2040
 552 03e0 0002     		.short	512
 553 03e2 0002     		.short	512
 554 03e4 0002     		.short	512
 555 03e6 8007     		.short	1920
 556 03e8 0000     		.short	0
 557 03ea 0000     		.short	0
 558 03ec 0000     		.short	0
 559 03ee 0000     		.short	0
 560 03f0 0000     		.short	0
 561 03f2 0000     		.short	0
 562 03f4 0000     		.short	0
 563 03f6 0000     		.short	0
 564 03f8 0000     		.short	0
 565 03fa F007     		.short	2032
ARM GAS  /tmp/ccD7wULe.s 			page 11


 566 03fc 1000     		.short	16
 567 03fe 1000     		.short	16
 568 0400 1000     		.short	16
 569 0402 1000     		.short	16
 570 0404 D003     		.short	976
 571 0406 3006     		.short	1584
 572 0408 000C     		.short	3072
 573 040a 0008     		.short	2048
 574 040c 0008     		.short	2048
 575 040e 0008     		.short	2048
 576 0410 0008     		.short	2048
 577 0412 0804     		.short	1032
 578 0414 1806     		.short	1560
 579 0416 E003     		.short	992
 580 0418 0000     		.short	0
 581 041a 0000     		.short	0
 582 041c 0000     		.short	0
 583 041e 0000     		.short	0
 584 0420 0000     		.short	0
 585 0422 0000     		.short	0
 586 0424 0000     		.short	0
 587 0426 0000     		.short	0
 588 0428 0000     		.short	0
 589 042a 800F     		.short	3968
 590 042c C000     		.short	192
 591 042e 2000     		.short	32
 592 0430 1000     		.short	16
 593 0432 1000     		.short	16
 594 0434 0800     		.short	8
 595 0436 C803     		.short	968
 596 0438 2806     		.short	1576
 597 043a 180C     		.short	3096
 598 043c 1808     		.short	2072
 599 043e 0808     		.short	2056
 600 0440 1008     		.short	2064
 601 0442 100C     		.short	3088
 602 0444 2006     		.short	1568
 603 0446 C003     		.short	960
 604 0448 0000     		.short	0
 605 044a 0000     		.short	0
 606 044c 0000     		.short	0
 607 044e 0000     		.short	0
 608 0450 0000     		.short	0
 609 0452 0000     		.short	0
 610 0454 0000     		.short	0
 611 0456 0000     		.short	0
 612 0458 0000     		.short	0
 613 045a F807     		.short	2040
 614 045c 0804     		.short	1032
 615 045e 0804     		.short	1032
 616 0460 0006     		.short	1536
 617 0462 0002     		.short	512
 618 0464 0002     		.short	512
 619 0466 0002     		.short	512
 620 0468 0001     		.short	256
 621 046a 0001     		.short	256
 622 046c 0001     		.short	256
ARM GAS  /tmp/ccD7wULe.s 			page 12


 623 046e 0001     		.short	256
 624 0470 8000     		.short	128
 625 0472 8000     		.short	128
 626 0474 8000     		.short	128
 627 0476 4000     		.short	64
 628 0478 0000     		.short	0
 629 047a 0000     		.short	0
 630 047c 0000     		.short	0
 631 047e 0000     		.short	0
 632 0480 0000     		.short	0
 633 0482 0000     		.short	0
 634 0484 0000     		.short	0
 635 0486 0000     		.short	0
 636 0488 0000     		.short	0
 637 048a E003     		.short	992
 638 048c 3006     		.short	1584
 639 048e 080C     		.short	3080
 640 0490 0808     		.short	2056
 641 0492 0808     		.short	2056
 642 0494 0808     		.short	2056
 643 0496 3006     		.short	1584
 644 0498 C001     		.short	448
 645 049a 1006     		.short	1552
 646 049c 0808     		.short	2056
 647 049e 0808     		.short	2056
 648 04a0 0808     		.short	2056
 649 04a2 0808     		.short	2056
 650 04a4 3006     		.short	1584
 651 04a6 E003     		.short	992
 652 04a8 0000     		.short	0
 653 04aa 0000     		.short	0
 654 04ac 0000     		.short	0
 655 04ae 0000     		.short	0
 656 04b0 0000     		.short	0
 657 04b2 0000     		.short	0
 658 04b4 0000     		.short	0
 659 04b6 0000     		.short	0
 660 04b8 0000     		.short	0
 661 04ba E001     		.short	480
 662 04bc 1002     		.short	528
 663 04be 1804     		.short	1048
 664 04c0 0804     		.short	1032
 665 04c2 0808     		.short	2056
 666 04c4 080C     		.short	3080
 667 04c6 180C     		.short	3096
 668 04c8 100A     		.short	2576
 669 04ca E009     		.short	2528
 670 04cc 0008     		.short	2048
 671 04ce 0004     		.short	1024
 672 04d0 0004     		.short	1024
 673 04d2 0002     		.short	512
 674 04d4 8001     		.short	384
 675 04d6 F800     		.short	248
 676 04d8 0000     		.short	0
 677 04da 0000     		.short	0
 678 04dc 0000     		.short	0
 679 04de 0000     		.short	0
ARM GAS  /tmp/ccD7wULe.s 			page 13


 680 04e0 0000     		.short	0
 681 04e2 0000     		.short	0
 682 04e4 0000     		.short	0
 683 04e6 0000     		.short	0
 684 04e8 0000     		.short	0
 685 04ea 0000     		.short	0
 686 04ec 0000     		.short	0
 687 04ee 0000     		.short	0
 688 04f0 0000     		.short	0
 689 04f2 0000     		.short	0
 690 04f4 E000     		.short	224
 691 04f6 E000     		.short	224
 692 04f8 E000     		.short	224
 693 04fa 0000     		.short	0
 694 04fc 0000     		.short	0
 695 04fe 0000     		.short	0
 696 0500 0000     		.short	0
 697 0502 E000     		.short	224
 698 0504 E000     		.short	224
 699 0506 E000     		.short	224
 700 0508 0000     		.short	0
 701 050a 0000     		.short	0
 702 050c 0000     		.short	0
 703 050e 0000     		.short	0
 704 0510 0000     		.short	0
 705 0512 0000     		.short	0
 706 0514 0000     		.short	0
 707 0516 0000     		.short	0
 708 0518 0000     		.short	0
 709 051a 0000     		.short	0
 710 051c 0000     		.short	0
 711 051e 0000     		.short	0
 712 0520 0000     		.short	0
 713 0522 0000     		.short	0
 714 0524 E000     		.short	224
 715 0526 E000     		.short	224
 716 0528 E000     		.short	224
 717 052a 0000     		.short	0
 718 052c 0000     		.short	0
 719 052e 0000     		.short	0
 720 0530 0000     		.short	0
 721 0532 6000     		.short	96
 722 0534 6000     		.short	96
 723 0536 3000     		.short	48
 724 0538 3000     		.short	48
 725 053a 3000     		.short	48
 726 053c 1000     		.short	16
 727 053e 0000     		.short	0
 728 0540 0000     		.short	0
 729 0542 0000     		.short	0
 730 0544 0000     		.short	0
 731 0546 0000     		.short	0
 732 0548 0000     		.short	0
 733 054a 0000     		.short	0
 734 054c 0000     		.short	0
 735 054e 000C     		.short	3072
 736 0550 0003     		.short	768
ARM GAS  /tmp/ccD7wULe.s 			page 14


 737 0552 8001     		.short	384
 738 0554 6000     		.short	96
 739 0556 1800     		.short	24
 740 0558 0C00     		.short	12
 741 055a 3000     		.short	48
 742 055c C000     		.short	192
 743 055e 0003     		.short	768
 744 0560 0006     		.short	1536
 745 0562 0008     		.short	2048
 746 0564 0000     		.short	0
 747 0566 0000     		.short	0
 748 0568 0000     		.short	0
 749 056a 0000     		.short	0
 750 056c 0000     		.short	0
 751 056e 0000     		.short	0
 752 0570 0000     		.short	0
 753 0572 0000     		.short	0
 754 0574 0000     		.short	0
 755 0576 0000     		.short	0
 756 0578 0000     		.short	0
 757 057a 0000     		.short	0
 758 057c 0000     		.short	0
 759 057e 0000     		.short	0
 760 0580 0000     		.short	0
 761 0582 0000     		.short	0
 762 0584 0000     		.short	0
 763 0586 FE1F     		.short	8190
 764 0588 0000     		.short	0
 765 058a 0000     		.short	0
 766 058c FE1F     		.short	8190
 767 058e 0000     		.short	0
 768 0590 0000     		.short	0
 769 0592 0000     		.short	0
 770 0594 0000     		.short	0
 771 0596 0000     		.short	0
 772 0598 0000     		.short	0
 773 059a 0000     		.short	0
 774 059c 0000     		.short	0
 775 059e 0000     		.short	0
 776 05a0 0000     		.short	0
 777 05a2 0000     		.short	0
 778 05a4 0000     		.short	0
 779 05a6 0000     		.short	0
 780 05a8 0000     		.short	0
 781 05aa 0000     		.short	0
 782 05ac 0000     		.short	0
 783 05ae 0C00     		.short	12
 784 05b0 3000     		.short	48
 785 05b2 C000     		.short	192
 786 05b4 0003     		.short	768
 787 05b6 0006     		.short	1536
 788 05b8 000C     		.short	3072
 789 05ba 0003     		.short	768
 790 05bc 8001     		.short	384
 791 05be 6000     		.short	96
 792 05c0 1800     		.short	24
 793 05c2 0400     		.short	4
ARM GAS  /tmp/ccD7wULe.s 			page 15


 794 05c4 0000     		.short	0
 795 05c6 0000     		.short	0
 796 05c8 0000     		.short	0
 797 05ca 0000     		.short	0
 798 05cc 0000     		.short	0
 799 05ce 0000     		.short	0
 800 05d0 0000     		.short	0
 801 05d2 0000     		.short	0
 802 05d4 0000     		.short	0
 803 05d6 0000     		.short	0
 804 05d8 0000     		.short	0
 805 05da 0000     		.short	0
 806 05dc E003     		.short	992
 807 05de 0804     		.short	1032
 808 05e0 0808     		.short	2056
 809 05e2 0008     		.short	2048
 810 05e4 0008     		.short	2048
 811 05e6 0004     		.short	1024
 812 05e8 0003     		.short	768
 813 05ea 8000     		.short	128
 814 05ec 8000     		.short	128
 815 05ee 0000     		.short	0
 816 05f0 0000     		.short	0
 817 05f2 0000     		.short	0
 818 05f4 C001     		.short	448
 819 05f6 C001     		.short	448
 820 05f8 0000     		.short	0
 821 05fa 0000     		.short	0
 822 05fc 0000     		.short	0
 823 05fe 0000     		.short	0
 824 0600 0000     		.short	0
 825 0602 0000     		.short	0
 826 0604 0000     		.short	0
 827 0606 0000     		.short	0
 828 0608 0000     		.short	0
 829 060a C001     		.short	448
 830 060c 3002     		.short	560
 831 060e 1004     		.short	1040
 832 0610 0804     		.short	1032
 833 0612 0804     		.short	1032
 834 0614 0807     		.short	1800
 835 0616 8804     		.short	1160
 836 0618 4804     		.short	1096
 837 061a 4804     		.short	1096
 838 061c C804     		.short	1224
 839 061e 880F     		.short	3976
 840 0620 0800     		.short	8
 841 0622 0800     		.short	8
 842 0624 1000     		.short	16
 843 0626 3000     		.short	48
 844 0628 E007     		.short	2016
 845 062a 0000     		.short	0
 846 062c 0000     		.short	0
 847 062e 0000     		.short	0
 848 0630 0000     		.short	0
 849 0632 0000     		.short	0
 850 0634 0000     		.short	0
ARM GAS  /tmp/ccD7wULe.s 			page 16


 851 0636 0000     		.short	0
 852 0638 0000     		.short	0
 853 063a 0000     		.short	0
 854 063c FC00     		.short	252
 855 063e C000     		.short	192
 856 0640 2001     		.short	288
 857 0642 2001     		.short	288
 858 0644 2002     		.short	544
 859 0646 1002     		.short	528
 860 0648 1002     		.short	528
 861 064a 0804     		.short	1032
 862 064c F807     		.short	2040
 863 064e 0804     		.short	1032
 864 0650 0408     		.short	2052
 865 0652 0408     		.short	2052
 866 0654 0408     		.short	2052
 867 0656 1F3E     		.short	15903
 868 0658 0000     		.short	0
 869 065a 0000     		.short	0
 870 065c 0000     		.short	0
 871 065e 0000     		.short	0
 872 0660 0000     		.short	0
 873 0662 0000     		.short	0
 874 0664 0000     		.short	0
 875 0666 0000     		.short	0
 876 0668 0000     		.short	0
 877 066a 0000     		.short	0
 878 066c FC03     		.short	1020
 879 066e 0804     		.short	1032
 880 0670 0808     		.short	2056
 881 0672 0808     		.short	2056
 882 0674 0808     		.short	2056
 883 0676 0804     		.short	1032
 884 0678 F803     		.short	1016
 885 067a 080C     		.short	3080
 886 067c 0818     		.short	6152
 887 067e 0810     		.short	4104
 888 0680 0810     		.short	4104
 889 0682 0810     		.short	4104
 890 0684 0808     		.short	2056
 891 0686 FC07     		.short	2044
 892 0688 0000     		.short	0
 893 068a 0000     		.short	0
 894 068c 0000     		.short	0
 895 068e 0000     		.short	0
 896 0690 0000     		.short	0
 897 0692 0000     		.short	0
 898 0694 0000     		.short	0
 899 0696 0000     		.short	0
 900 0698 0000     		.short	0
 901 069a 0000     		.short	0
 902 069c E009     		.short	2528
 903 069e 100E     		.short	3600
 904 06a0 0808     		.short	2056
 905 06a2 0808     		.short	2056
 906 06a4 0400     		.short	4
 907 06a6 0400     		.short	4
ARM GAS  /tmp/ccD7wULe.s 			page 17


 908 06a8 0400     		.short	4
 909 06aa 0400     		.short	4
 910 06ac 0400     		.short	4
 911 06ae 0400     		.short	4
 912 06b0 0800     		.short	8
 913 06b2 0808     		.short	2056
 914 06b4 3004     		.short	1072
 915 06b6 E003     		.short	992
 916 06b8 0000     		.short	0
 917 06ba 0000     		.short	0
 918 06bc 0000     		.short	0
 919 06be 0000     		.short	0
 920 06c0 0000     		.short	0
 921 06c2 0000     		.short	0
 922 06c4 0000     		.short	0
 923 06c6 0000     		.short	0
 924 06c8 0000     		.short	0
 925 06ca 0000     		.short	0
 926 06cc FC01     		.short	508
 927 06ce 0802     		.short	520
 928 06d0 0804     		.short	1032
 929 06d2 080C     		.short	3080
 930 06d4 0808     		.short	2056
 931 06d6 0808     		.short	2056
 932 06d8 0808     		.short	2056
 933 06da 0808     		.short	2056
 934 06dc 0808     		.short	2056
 935 06de 0808     		.short	2056
 936 06e0 0804     		.short	1032
 937 06e2 0804     		.short	1032
 938 06e4 0802     		.short	520
 939 06e6 FC01     		.short	508
 940 06e8 0000     		.short	0
 941 06ea 0000     		.short	0
 942 06ec 0000     		.short	0
 943 06ee 0000     		.short	0
 944 06f0 0000     		.short	0
 945 06f2 0000     		.short	0
 946 06f4 0000     		.short	0
 947 06f6 0000     		.short	0
 948 06f8 0000     		.short	0
 949 06fa 0000     		.short	0
 950 06fc FC0F     		.short	4092
 951 06fe 0808     		.short	2056
 952 0700 0808     		.short	2056
 953 0702 0800     		.short	8
 954 0704 0800     		.short	8
 955 0706 8800     		.short	136
 956 0708 F800     		.short	248
 957 070a 8800     		.short	136
 958 070c 0800     		.short	8
 959 070e 0800     		.short	8
 960 0710 0810     		.short	4104
 961 0712 0810     		.short	4104
 962 0714 0810     		.short	4104
 963 0716 FC1F     		.short	8188
 964 0718 0000     		.short	0
ARM GAS  /tmp/ccD7wULe.s 			page 18


 965 071a 0000     		.short	0
 966 071c 0000     		.short	0
 967 071e 0000     		.short	0
 968 0720 0000     		.short	0
 969 0722 0000     		.short	0
 970 0724 0000     		.short	0
 971 0726 0000     		.short	0
 972 0728 0000     		.short	0
 973 072a 0000     		.short	0
 974 072c FC1F     		.short	8188
 975 072e 0810     		.short	4104
 976 0730 0810     		.short	4104
 977 0732 0800     		.short	8
 978 0734 0800     		.short	8
 979 0736 8800     		.short	136
 980 0738 F800     		.short	248
 981 073a 8800     		.short	136
 982 073c 0800     		.short	8
 983 073e 0800     		.short	8
 984 0740 0800     		.short	8
 985 0742 0800     		.short	8
 986 0744 0800     		.short	8
 987 0746 7C00     		.short	124
 988 0748 0000     		.short	0
 989 074a 0000     		.short	0
 990 074c 0000     		.short	0
 991 074e 0000     		.short	0
 992 0750 0000     		.short	0
 993 0752 0000     		.short	0
 994 0754 0000     		.short	0
 995 0756 0000     		.short	0
 996 0758 0000     		.short	0
 997 075a 0000     		.short	0
 998 075c E00B     		.short	3040
 999 075e 100C     		.short	3088
 1000 0760 0808     		.short	2056
 1001 0762 0C08     		.short	2060
 1002 0764 0400     		.short	4
 1003 0766 0400     		.short	4
 1004 0768 0400     		.short	4
 1005 076a 0400     		.short	4
 1006 076c 041F     		.short	7940
 1007 076e 0408     		.short	2052
 1008 0770 0C08     		.short	2060
 1009 0772 0808     		.short	2056
 1010 0774 300C     		.short	3120
 1011 0776 E003     		.short	992
 1012 0778 0000     		.short	0
 1013 077a 0000     		.short	0
 1014 077c 0000     		.short	0
 1015 077e 0000     		.short	0
 1016 0780 0000     		.short	0
 1017 0782 0000     		.short	0
 1018 0784 0000     		.short	0
 1019 0786 0000     		.short	0
 1020 0788 0000     		.short	0
 1021 078a 0000     		.short	0
ARM GAS  /tmp/ccD7wULe.s 			page 19


 1022 078c 1C0E     		.short	3612
 1023 078e 0804     		.short	1032
 1024 0790 0804     		.short	1032
 1025 0792 0804     		.short	1032
 1026 0794 0804     		.short	1032
 1027 0796 0804     		.short	1032
 1028 0798 F807     		.short	2040
 1029 079a 0804     		.short	1032
 1030 079c 0804     		.short	1032
 1031 079e 0804     		.short	1032
 1032 07a0 0804     		.short	1032
 1033 07a2 0804     		.short	1032
 1034 07a4 0804     		.short	1032
 1035 07a6 1C0E     		.short	3612
 1036 07a8 0000     		.short	0
 1037 07aa 0000     		.short	0
 1038 07ac 0000     		.short	0
 1039 07ae 0000     		.short	0
 1040 07b0 0000     		.short	0
 1041 07b2 0000     		.short	0
 1042 07b4 0000     		.short	0
 1043 07b6 0000     		.short	0
 1044 07b8 0000     		.short	0
 1045 07ba 0000     		.short	0
 1046 07bc F007     		.short	2032
 1047 07be 8000     		.short	128
 1048 07c0 8000     		.short	128
 1049 07c2 8000     		.short	128
 1050 07c4 8000     		.short	128
 1051 07c6 8000     		.short	128
 1052 07c8 8000     		.short	128
 1053 07ca 8000     		.short	128
 1054 07cc 8000     		.short	128
 1055 07ce 8000     		.short	128
 1056 07d0 8000     		.short	128
 1057 07d2 8000     		.short	128
 1058 07d4 8000     		.short	128
 1059 07d6 F007     		.short	2032
 1060 07d8 0000     		.short	0
 1061 07da 0000     		.short	0
 1062 07dc 0000     		.short	0
 1063 07de 0000     		.short	0
 1064 07e0 0000     		.short	0
 1065 07e2 0000     		.short	0
 1066 07e4 0000     		.short	0
 1067 07e6 0000     		.short	0
 1068 07e8 0000     		.short	0
 1069 07ea 0000     		.short	0
 1070 07ec C01F     		.short	8128
 1071 07ee 0004     		.short	1024
 1072 07f0 0004     		.short	1024
 1073 07f2 0004     		.short	1024
 1074 07f4 0004     		.short	1024
 1075 07f6 0004     		.short	1024
 1076 07f8 0004     		.short	1024
 1077 07fa 0004     		.short	1024
 1078 07fc 0404     		.short	1028
ARM GAS  /tmp/ccD7wULe.s 			page 20


 1079 07fe 0404     		.short	1028
 1080 0800 0404     		.short	1028
 1081 0802 0406     		.short	1540
 1082 0804 1803     		.short	792
 1083 0806 F001     		.short	496
 1084 0808 0000     		.short	0
 1085 080a 0000     		.short	0
 1086 080c 0000     		.short	0
 1087 080e 0000     		.short	0
 1088 0810 0000     		.short	0
 1089 0812 0000     		.short	0
 1090 0814 0000     		.short	0
 1091 0816 0000     		.short	0
 1092 0818 0000     		.short	0
 1093 081a 0000     		.short	0
 1094 081c 3C1E     		.short	7740
 1095 081e 080C     		.short	3080
 1096 0820 0802     		.short	520
 1097 0822 0801     		.short	264
 1098 0824 8800     		.short	136
 1099 0826 4800     		.short	72
 1100 0828 E800     		.short	232
 1101 082a 9801     		.short	408
 1102 082c 0803     		.short	776
 1103 082e 0802     		.short	520
 1104 0830 0804     		.short	1032
 1105 0832 0804     		.short	1032
 1106 0834 080C     		.short	3080
 1107 0836 3C38     		.short	14396
 1108 0838 0000     		.short	0
 1109 083a 0000     		.short	0
 1110 083c 0000     		.short	0
 1111 083e 0000     		.short	0
 1112 0840 0000     		.short	0
 1113 0842 0000     		.short	0
 1114 0844 0000     		.short	0
 1115 0846 0000     		.short	0
 1116 0848 0000     		.short	0
 1117 084a 0000     		.short	0
 1118 084c 7C00     		.short	124
 1119 084e 1000     		.short	16
 1120 0850 1000     		.short	16
 1121 0852 1000     		.short	16
 1122 0854 1000     		.short	16
 1123 0856 1000     		.short	16
 1124 0858 1000     		.short	16
 1125 085a 1000     		.short	16
 1126 085c 1000     		.short	16
 1127 085e 1010     		.short	4112
 1128 0860 1010     		.short	4112
 1129 0862 1010     		.short	4112
 1130 0864 1010     		.short	4112
 1131 0866 FC1F     		.short	8188
 1132 0868 0000     		.short	0
 1133 086a 0000     		.short	0
 1134 086c 0000     		.short	0
 1135 086e 0000     		.short	0
ARM GAS  /tmp/ccD7wULe.s 			page 21


 1136 0870 0000     		.short	0
 1137 0872 0000     		.short	0
 1138 0874 0000     		.short	0
 1139 0876 0000     		.short	0
 1140 0878 0000     		.short	0
 1141 087a 0000     		.short	0
 1142 087c 0E38     		.short	14350
 1143 087e 0C18     		.short	6156
 1144 0880 1414     		.short	5140
 1145 0882 1414     		.short	5140
 1146 0884 2412     		.short	4644
 1147 0886 2412     		.short	4644
 1148 0888 4411     		.short	4420
 1149 088a 4411     		.short	4420
 1150 088c 4411     		.short	4420
 1151 088e 8410     		.short	4228
 1152 0890 0410     		.short	4100
 1153 0892 0410     		.short	4100
 1154 0894 0410     		.short	4100
 1155 0896 1E3C     		.short	15390
 1156 0898 0000     		.short	0
 1157 089a 0000     		.short	0
 1158 089c 0000     		.short	0
 1159 089e 0000     		.short	0
 1160 08a0 0000     		.short	0
 1161 08a2 0000     		.short	0
 1162 08a4 0000     		.short	0
 1163 08a6 0000     		.short	0
 1164 08a8 0000     		.short	0
 1165 08aa 0000     		.short	0
 1166 08ac 0E1E     		.short	7694
 1167 08ae 0C08     		.short	2060
 1168 08b0 1408     		.short	2068
 1169 08b2 1408     		.short	2068
 1170 08b4 2408     		.short	2084
 1171 08b6 6408     		.short	2148
 1172 08b8 4408     		.short	2116
 1173 08ba 8408     		.short	2180
 1174 08bc 8409     		.short	2436
 1175 08be 0409     		.short	2308
 1176 08c0 040A     		.short	2564
 1177 08c2 040A     		.short	2564
 1178 08c4 040C     		.short	3076
 1179 08c6 1E0C     		.short	3102
 1180 08c8 0000     		.short	0
 1181 08ca 0000     		.short	0
 1182 08cc 0000     		.short	0
 1183 08ce 0000     		.short	0
 1184 08d0 0000     		.short	0
 1185 08d2 0000     		.short	0
 1186 08d4 0000     		.short	0
 1187 08d6 0000     		.short	0
 1188 08d8 0000     		.short	0
 1189 08da 0000     		.short	0
 1190 08dc E001     		.short	480
 1191 08de 1806     		.short	1560
 1192 08e0 0C0C     		.short	3084
ARM GAS  /tmp/ccD7wULe.s 			page 22


 1193 08e2 0408     		.short	2052
 1194 08e4 0210     		.short	4098
 1195 08e6 0210     		.short	4098
 1196 08e8 0210     		.short	4098
 1197 08ea 0210     		.short	4098
 1198 08ec 0210     		.short	4098
 1199 08ee 0210     		.short	4098
 1200 08f0 0408     		.short	2052
 1201 08f2 0C0C     		.short	3084
 1202 08f4 1806     		.short	1560
 1203 08f6 E001     		.short	480
 1204 08f8 0000     		.short	0
 1205 08fa 0000     		.short	0
 1206 08fc 0000     		.short	0
 1207 08fe 0000     		.short	0
 1208 0900 0000     		.short	0
 1209 0902 0000     		.short	0
 1210 0904 0000     		.short	0
 1211 0906 0000     		.short	0
 1212 0908 0000     		.short	0
 1213 090a 0000     		.short	0
 1214 090c FC03     		.short	1020
 1215 090e 0806     		.short	1544
 1216 0910 0808     		.short	2056
 1217 0912 0808     		.short	2056
 1218 0914 0808     		.short	2056
 1219 0916 080C     		.short	3080
 1220 0918 0806     		.short	1544
 1221 091a F801     		.short	504
 1222 091c 0800     		.short	8
 1223 091e 0800     		.short	8
 1224 0920 0800     		.short	8
 1225 0922 0800     		.short	8
 1226 0924 0800     		.short	8
 1227 0926 7C00     		.short	124
 1228 0928 0000     		.short	0
 1229 092a 0000     		.short	0
 1230 092c 0000     		.short	0
 1231 092e 0000     		.short	0
 1232 0930 0000     		.short	0
 1233 0932 0000     		.short	0
 1234 0934 0000     		.short	0
 1235 0936 0000     		.short	0
 1236 0938 0000     		.short	0
 1237 093a 0000     		.short	0
 1238 093c E001     		.short	480
 1239 093e 1806     		.short	1560
 1240 0940 0C0C     		.short	3084
 1241 0942 0408     		.short	2052
 1242 0944 0210     		.short	4098
 1243 0946 0210     		.short	4098
 1244 0948 0210     		.short	4098
 1245 094a 0210     		.short	4098
 1246 094c 0210     		.short	4098
 1247 094e 0210     		.short	4098
 1248 0950 0408     		.short	2052
 1249 0952 0C0C     		.short	3084
ARM GAS  /tmp/ccD7wULe.s 			page 23


 1250 0954 1806     		.short	1560
 1251 0956 F001     		.short	496
 1252 0958 6000     		.short	96
 1253 095a F011     		.short	4592
 1254 095c 180E     		.short	3608
 1255 095e 0000     		.short	0
 1256 0960 0000     		.short	0
 1257 0962 0000     		.short	0
 1258 0964 0000     		.short	0
 1259 0966 0000     		.short	0
 1260 0968 0000     		.short	0
 1261 096a 0000     		.short	0
 1262 096c FC03     		.short	1020
 1263 096e 0806     		.short	1544
 1264 0970 080C     		.short	3080
 1265 0972 0808     		.short	2056
 1266 0974 0808     		.short	2056
 1267 0976 080C     		.short	3080
 1268 0978 0806     		.short	1544
 1269 097a F801     		.short	504
 1270 097c 0803     		.short	776
 1271 097e 0806     		.short	1544
 1272 0980 0804     		.short	1032
 1273 0982 0808     		.short	2056
 1274 0984 0808     		.short	2056
 1275 0986 3C30     		.short	12348
 1276 0988 0000     		.short	0
 1277 098a 0000     		.short	0
 1278 098c 0000     		.short	0
 1279 098e 0000     		.short	0
 1280 0990 0000     		.short	0
 1281 0992 0000     		.short	0
 1282 0994 0000     		.short	0
 1283 0996 0000     		.short	0
 1284 0998 0000     		.short	0
 1285 099a 0000     		.short	0
 1286 099c E00B     		.short	3040
 1287 099e 100C     		.short	3088
 1288 09a0 0808     		.short	2056
 1289 09a2 0808     		.short	2056
 1290 09a4 0800     		.short	8
 1291 09a6 1000     		.short	16
 1292 09a8 E000     		.short	224
 1293 09aa 0007     		.short	1792
 1294 09ac 0008     		.short	2048
 1295 09ae 0008     		.short	2048
 1296 09b0 0408     		.short	2052
 1297 09b2 0C08     		.short	2060
 1298 09b4 1C06     		.short	1564
 1299 09b6 E403     		.short	996
 1300 09b8 0000     		.short	0
 1301 09ba 0000     		.short	0
 1302 09bc 0000     		.short	0
 1303 09be 0000     		.short	0
 1304 09c0 0000     		.short	0
 1305 09c2 0000     		.short	0
 1306 09c4 0000     		.short	0
ARM GAS  /tmp/ccD7wULe.s 			page 24


 1307 09c6 0000     		.short	0
 1308 09c8 0000     		.short	0
 1309 09ca 0000     		.short	0
 1310 09cc FC1F     		.short	8188
 1311 09ce 8410     		.short	4228
 1312 09d0 8410     		.short	4228
 1313 09d2 8000     		.short	128
 1314 09d4 8000     		.short	128
 1315 09d6 8000     		.short	128
 1316 09d8 8000     		.short	128
 1317 09da 8000     		.short	128
 1318 09dc 8000     		.short	128
 1319 09de 8000     		.short	128
 1320 09e0 8000     		.short	128
 1321 09e2 8000     		.short	128
 1322 09e4 8000     		.short	128
 1323 09e6 F007     		.short	2032
 1324 09e8 0000     		.short	0
 1325 09ea 0000     		.short	0
 1326 09ec 0000     		.short	0
 1327 09ee 0000     		.short	0
 1328 09f0 0000     		.short	0
 1329 09f2 0000     		.short	0
 1330 09f4 0000     		.short	0
 1331 09f6 0000     		.short	0
 1332 09f8 0000     		.short	0
 1333 09fa 0000     		.short	0
 1334 09fc 1E1E     		.short	7710
 1335 09fe 0408     		.short	2052
 1336 0a00 0408     		.short	2052
 1337 0a02 0408     		.short	2052
 1338 0a04 0408     		.short	2052
 1339 0a06 0408     		.short	2052
 1340 0a08 0408     		.short	2052
 1341 0a0a 0408     		.short	2052
 1342 0a0c 0408     		.short	2052
 1343 0a0e 0408     		.short	2052
 1344 0a10 0408     		.short	2052
 1345 0a12 0804     		.short	1032
 1346 0a14 1806     		.short	1560
 1347 0a16 E001     		.short	480
 1348 0a18 0000     		.short	0
 1349 0a1a 0000     		.short	0
 1350 0a1c 0000     		.short	0
 1351 0a1e 0000     		.short	0
 1352 0a20 0000     		.short	0
 1353 0a22 0000     		.short	0
 1354 0a24 0000     		.short	0
 1355 0a26 0000     		.short	0
 1356 0a28 0000     		.short	0
 1357 0a2a 0000     		.short	0
 1358 0a2c 1F3E     		.short	15903
 1359 0a2e 0410     		.short	4100
 1360 0a30 0408     		.short	2052
 1361 0a32 0808     		.short	2056
 1362 0a34 0804     		.short	1032
 1363 0a36 0804     		.short	1032
ARM GAS  /tmp/ccD7wULe.s 			page 25


 1364 0a38 1004     		.short	1040
 1365 0a3a 1002     		.short	528
 1366 0a3c 1002     		.short	528
 1367 0a3e 2002     		.short	544
 1368 0a40 2001     		.short	288
 1369 0a42 6001     		.short	352
 1370 0a44 C000     		.short	192
 1371 0a46 C000     		.short	192
 1372 0a48 0000     		.short	0
 1373 0a4a 0000     		.short	0
 1374 0a4c 0000     		.short	0
 1375 0a4e 0000     		.short	0
 1376 0a50 0000     		.short	0
 1377 0a52 0000     		.short	0
 1378 0a54 0000     		.short	0
 1379 0a56 0000     		.short	0
 1380 0a58 0000     		.short	0
 1381 0a5a 0000     		.short	0
 1382 0a5c 1F3E     		.short	15903
 1383 0a5e 0410     		.short	4100
 1384 0a60 0410     		.short	4100
 1385 0a62 C410     		.short	4292
 1386 0a64 C408     		.short	2244
 1387 0a66 C409     		.short	2500
 1388 0a68 4409     		.short	2372
 1389 0a6a 2409     		.short	2340
 1390 0a6c 2409     		.short	2340
 1391 0a6e 240A     		.short	2596
 1392 0a70 180A     		.short	2584
 1393 0a72 180A     		.short	2584
 1394 0a74 180E     		.short	3608
 1395 0a76 1804     		.short	1048
 1396 0a78 0000     		.short	0
 1397 0a7a 0000     		.short	0
 1398 0a7c 0000     		.short	0
 1399 0a7e 0000     		.short	0
 1400 0a80 0000     		.short	0
 1401 0a82 0000     		.short	0
 1402 0a84 0000     		.short	0
 1403 0a86 0000     		.short	0
 1404 0a88 0000     		.short	0
 1405 0a8a 0000     		.short	0
 1406 0a8c 1E1E     		.short	7710
 1407 0a8e 080C     		.short	3080
 1408 0a90 1804     		.short	1048
 1409 0a92 1002     		.short	528
 1410 0a94 2003     		.short	800
 1411 0a96 4001     		.short	320
 1412 0a98 C000     		.short	192
 1413 0a9a C000     		.short	192
 1414 0a9c 6001     		.short	352
 1415 0a9e 2002     		.short	544
 1416 0aa0 1006     		.short	1552
 1417 0aa2 0804     		.short	1032
 1418 0aa4 0C08     		.short	2060
 1419 0aa6 1E1E     		.short	7710
 1420 0aa8 0000     		.short	0
ARM GAS  /tmp/ccD7wULe.s 			page 26


 1421 0aaa 0000     		.short	0
 1422 0aac 0000     		.short	0
 1423 0aae 0000     		.short	0
 1424 0ab0 0000     		.short	0
 1425 0ab2 0000     		.short	0
 1426 0ab4 0000     		.short	0
 1427 0ab6 0000     		.short	0
 1428 0ab8 0000     		.short	0
 1429 0aba 0000     		.short	0
 1430 0abc 1E1E     		.short	7710
 1431 0abe 0808     		.short	2056
 1432 0ac0 1004     		.short	1040
 1433 0ac2 3004     		.short	1072
 1434 0ac4 2002     		.short	544
 1435 0ac6 4001     		.short	320
 1436 0ac8 4001     		.short	320
 1437 0aca 8000     		.short	128
 1438 0acc 8000     		.short	128
 1439 0ace 8000     		.short	128
 1440 0ad0 8000     		.short	128
 1441 0ad2 8000     		.short	128
 1442 0ad4 8000     		.short	128
 1443 0ad6 F007     		.short	2032
 1444 0ad8 0000     		.short	0
 1445 0ada 0000     		.short	0
 1446 0adc 0000     		.short	0
 1447 0ade 0000     		.short	0
 1448 0ae0 0000     		.short	0
 1449 0ae2 0000     		.short	0
 1450 0ae4 0000     		.short	0
 1451 0ae6 0000     		.short	0
 1452 0ae8 0000     		.short	0
 1453 0aea 0000     		.short	0
 1454 0aec F807     		.short	2040
 1455 0aee 0804     		.short	1032
 1456 0af0 0802     		.short	520
 1457 0af2 0802     		.short	520
 1458 0af4 0001     		.short	256
 1459 0af6 8000     		.short	128
 1460 0af8 8000     		.short	128
 1461 0afa 4000     		.short	64
 1462 0afc 2000     		.short	32
 1463 0afe 2008     		.short	2080
 1464 0b00 1008     		.short	2064
 1465 0b02 0808     		.short	2056
 1466 0b04 0808     		.short	2056
 1467 0b06 F80F     		.short	4088
 1468 0b08 0000     		.short	0
 1469 0b0a 0000     		.short	0
 1470 0b0c 0000     		.short	0
 1471 0b0e 0000     		.short	0
 1472 0b10 0000     		.short	0
 1473 0b12 0000     		.short	0
 1474 0b14 0000     		.short	0
 1475 0b16 0000     		.short	0
 1476 0b18 0000     		.short	0
 1477 0b1a 8003     		.short	896
ARM GAS  /tmp/ccD7wULe.s 			page 27


 1478 0b1c 8000     		.short	128
 1479 0b1e 8000     		.short	128
 1480 0b20 8000     		.short	128
 1481 0b22 8000     		.short	128
 1482 0b24 8000     		.short	128
 1483 0b26 8000     		.short	128
 1484 0b28 8000     		.short	128
 1485 0b2a 8000     		.short	128
 1486 0b2c 8000     		.short	128
 1487 0b2e 8000     		.short	128
 1488 0b30 8000     		.short	128
 1489 0b32 8000     		.short	128
 1490 0b34 8000     		.short	128
 1491 0b36 8000     		.short	128
 1492 0b38 8000     		.short	128
 1493 0b3a 8000     		.short	128
 1494 0b3c 8003     		.short	896
 1495 0b3e 0000     		.short	0
 1496 0b40 0000     		.short	0
 1497 0b42 0000     		.short	0
 1498 0b44 0000     		.short	0
 1499 0b46 0800     		.short	8
 1500 0b48 1800     		.short	24
 1501 0b4a 1000     		.short	16
 1502 0b4c 1000     		.short	16
 1503 0b4e 2000     		.short	32
 1504 0b50 2000     		.short	32
 1505 0b52 4000     		.short	64
 1506 0b54 4000     		.short	64
 1507 0b56 8000     		.short	128
 1508 0b58 8000     		.short	128
 1509 0b5a 0001     		.short	256
 1510 0b5c 0001     		.short	256
 1511 0b5e 0002     		.short	512
 1512 0b60 0002     		.short	512
 1513 0b62 0004     		.short	1024
 1514 0b64 0004     		.short	1024
 1515 0b66 0008     		.short	2048
 1516 0b68 0008     		.short	2048
 1517 0b6a 0000     		.short	0
 1518 0b6c 0000     		.short	0
 1519 0b6e 0000     		.short	0
 1520 0b70 0000     		.short	0
 1521 0b72 0000     		.short	0
 1522 0b74 0000     		.short	0
 1523 0b76 0000     		.short	0
 1524 0b78 0000     		.short	0
 1525 0b7a E000     		.short	224
 1526 0b7c 8000     		.short	128
 1527 0b7e 8000     		.short	128
 1528 0b80 8000     		.short	128
 1529 0b82 8000     		.short	128
 1530 0b84 8000     		.short	128
 1531 0b86 8000     		.short	128
 1532 0b88 8000     		.short	128
 1533 0b8a 8000     		.short	128
 1534 0b8c 8000     		.short	128
ARM GAS  /tmp/ccD7wULe.s 			page 28


 1535 0b8e 8000     		.short	128
 1536 0b90 8000     		.short	128
 1537 0b92 8000     		.short	128
 1538 0b94 8000     		.short	128
 1539 0b96 8000     		.short	128
 1540 0b98 8000     		.short	128
 1541 0b9a 8000     		.short	128
 1542 0b9c E000     		.short	224
 1543 0b9e 0000     		.short	0
 1544 0ba0 0000     		.short	0
 1545 0ba2 0000     		.short	0
 1546 0ba4 0000     		.short	0
 1547 0ba6 0000     		.short	0
 1548 0ba8 0000     		.short	0
 1549 0baa 8000     		.short	128
 1550 0bac C000     		.short	192
 1551 0bae 2001     		.short	288
 1552 0bb0 3002     		.short	560
 1553 0bb2 1804     		.short	1048
 1554 0bb4 0808     		.short	2056
 1555 0bb6 0000     		.short	0
 1556 0bb8 0000     		.short	0
 1557 0bba 0000     		.short	0
 1558 0bbc 0000     		.short	0
 1559 0bbe 0000     		.short	0
 1560 0bc0 0000     		.short	0
 1561 0bc2 0000     		.short	0
 1562 0bc4 0000     		.short	0
 1563 0bc6 0000     		.short	0
 1564 0bc8 0000     		.short	0
 1565 0bca 0000     		.short	0
 1566 0bcc 0000     		.short	0
 1567 0bce 0000     		.short	0
 1568 0bd0 0000     		.short	0
 1569 0bd2 0000     		.short	0
 1570 0bd4 0000     		.short	0
 1571 0bd6 0000     		.short	0
 1572 0bd8 0000     		.short	0
 1573 0bda 0000     		.short	0
 1574 0bdc 0000     		.short	0
 1575 0bde 0000     		.short	0
 1576 0be0 0000     		.short	0
 1577 0be2 0000     		.short	0
 1578 0be4 0000     		.short	0
 1579 0be6 0000     		.short	0
 1580 0be8 0000     		.short	0
 1581 0bea 0000     		.short	0
 1582 0bec 0000     		.short	0
 1583 0bee 0000     		.short	0
 1584 0bf0 0000     		.short	0
 1585 0bf2 0000     		.short	0
 1586 0bf4 0000     		.short	0
 1587 0bf6 0000     		.short	0
 1588 0bf8 0000     		.short	0
 1589 0bfa 0000     		.short	0
 1590 0bfc FF3F     		.short	16383
 1591 0bfe 0000     		.short	0
ARM GAS  /tmp/ccD7wULe.s 			page 29


 1592 0c00 0000     		.short	0
 1593 0c02 0000     		.short	0
 1594 0c04 0000     		.short	0
 1595 0c06 0000     		.short	0
 1596 0c08 1800     		.short	24
 1597 0c0a 3000     		.short	48
 1598 0c0c 6000     		.short	96
 1599 0c0e 4000     		.short	64
 1600 0c10 0000     		.short	0
 1601 0c12 0000     		.short	0
 1602 0c14 0000     		.short	0
 1603 0c16 0000     		.short	0
 1604 0c18 0000     		.short	0
 1605 0c1a 0000     		.short	0
 1606 0c1c 0000     		.short	0
 1607 0c1e 0000     		.short	0
 1608 0c20 0000     		.short	0
 1609 0c22 0000     		.short	0
 1610 0c24 0000     		.short	0
 1611 0c26 0000     		.short	0
 1612 0c28 0000     		.short	0
 1613 0c2a 0000     		.short	0
 1614 0c2c 0000     		.short	0
 1615 0c2e 0000     		.short	0
 1616 0c30 0000     		.short	0
 1617 0c32 0000     		.short	0
 1618 0c34 0000     		.short	0
 1619 0c36 0000     		.short	0
 1620 0c38 0000     		.short	0
 1621 0c3a 0000     		.short	0
 1622 0c3c 0000     		.short	0
 1623 0c3e 0000     		.short	0
 1624 0c40 0000     		.short	0
 1625 0c42 0000     		.short	0
 1626 0c44 F001     		.short	496
 1627 0c46 0006     		.short	1536
 1628 0c48 0004     		.short	1024
 1629 0c4a 0004     		.short	1024
 1630 0c4c F007     		.short	2032
 1631 0c4e 0804     		.short	1032
 1632 0c50 0404     		.short	1028
 1633 0c52 0404     		.short	1028
 1634 0c54 0C07     		.short	1804
 1635 0c56 F80C     		.short	3320
 1636 0c58 0000     		.short	0
 1637 0c5a 0000     		.short	0
 1638 0c5c 0000     		.short	0
 1639 0c5e 0000     		.short	0
 1640 0c60 0000     		.short	0
 1641 0c62 0000     		.short	0
 1642 0c64 0000     		.short	0
 1643 0c66 0000     		.short	0
 1644 0c68 0000     		.short	0
 1645 0c6a 0700     		.short	7
 1646 0c6c 0400     		.short	4
 1647 0c6e 0400     		.short	4
 1648 0c70 0400     		.short	4
ARM GAS  /tmp/ccD7wULe.s 			page 30


 1649 0c72 0400     		.short	4
 1650 0c74 E403     		.short	996
 1651 0c76 1404     		.short	1044
 1652 0c78 0C08     		.short	2060
 1653 0c7a 0410     		.short	4100
 1654 0c7c 0410     		.short	4100
 1655 0c7e 0410     		.short	4100
 1656 0c80 0410     		.short	4100
 1657 0c82 0C08     		.short	2060
 1658 0c84 140C     		.short	3092
 1659 0c86 E703     		.short	999
 1660 0c88 0000     		.short	0
 1661 0c8a 0000     		.short	0
 1662 0c8c 0000     		.short	0
 1663 0c8e 0000     		.short	0
 1664 0c90 0000     		.short	0
 1665 0c92 0000     		.short	0
 1666 0c94 0000     		.short	0
 1667 0c96 0000     		.short	0
 1668 0c98 0000     		.short	0
 1669 0c9a 0000     		.short	0
 1670 0c9c 0000     		.short	0
 1671 0c9e 0000     		.short	0
 1672 0ca0 0000     		.short	0
 1673 0ca2 0000     		.short	0
 1674 0ca4 E00B     		.short	3040
 1675 0ca6 180C     		.short	3096
 1676 0ca8 0808     		.short	2056
 1677 0caa 0408     		.short	2052
 1678 0cac 0400     		.short	4
 1679 0cae 0400     		.short	4
 1680 0cb0 0400     		.short	4
 1681 0cb2 0800     		.short	8
 1682 0cb4 1808     		.short	2072
 1683 0cb6 E003     		.short	992
 1684 0cb8 0000     		.short	0
 1685 0cba 0000     		.short	0
 1686 0cbc 0000     		.short	0
 1687 0cbe 0000     		.short	0
 1688 0cc0 0000     		.short	0
 1689 0cc2 0000     		.short	0
 1690 0cc4 0000     		.short	0
 1691 0cc6 0000     		.short	0
 1692 0cc8 0000     		.short	0
 1693 0cca 000C     		.short	3072
 1694 0ccc 0008     		.short	2048
 1695 0cce 0008     		.short	2048
 1696 0cd0 0008     		.short	2048
 1697 0cd2 0008     		.short	2048
 1698 0cd4 E009     		.short	2528
 1699 0cd6 180A     		.short	2584
 1700 0cd8 080C     		.short	3080
 1701 0cda 0408     		.short	2052
 1702 0cdc 0408     		.short	2052
 1703 0cde 0408     		.short	2052
 1704 0ce0 0408     		.short	2052
 1705 0ce2 080C     		.short	3080
ARM GAS  /tmp/ccD7wULe.s 			page 31


 1706 0ce4 180E     		.short	3608
 1707 0ce6 E019     		.short	6624
 1708 0ce8 0000     		.short	0
 1709 0cea 0000     		.short	0
 1710 0cec 0000     		.short	0
 1711 0cee 0000     		.short	0
 1712 0cf0 0000     		.short	0
 1713 0cf2 0000     		.short	0
 1714 0cf4 0000     		.short	0
 1715 0cf6 0000     		.short	0
 1716 0cf8 0000     		.short	0
 1717 0cfa 0000     		.short	0
 1718 0cfc 0000     		.short	0
 1719 0cfe 0000     		.short	0
 1720 0d00 0000     		.short	0
 1721 0d02 0000     		.short	0
 1722 0d04 F003     		.short	1008
 1723 0d06 1806     		.short	1560
 1724 0d08 0408     		.short	2052
 1725 0d0a 0408     		.short	2052
 1726 0d0c FC0F     		.short	4092
 1727 0d0e 0400     		.short	4
 1728 0d10 0400     		.short	4
 1729 0d12 0C00     		.short	12
 1730 0d14 180C     		.short	3096
 1731 0d16 E003     		.short	992
 1732 0d18 0000     		.short	0
 1733 0d1a 0000     		.short	0
 1734 0d1c 0000     		.short	0
 1735 0d1e 0000     		.short	0
 1736 0d20 0000     		.short	0
 1737 0d22 0000     		.short	0
 1738 0d24 0000     		.short	0
 1739 0d26 0000     		.short	0
 1740 0d28 0000     		.short	0
 1741 0d2a 001F     		.short	7936
 1742 0d2c 8000     		.short	128
 1743 0d2e 4000     		.short	64
 1744 0d30 4000     		.short	64
 1745 0d32 4000     		.short	64
 1746 0d34 F00F     		.short	4080
 1747 0d36 4000     		.short	64
 1748 0d38 4000     		.short	64
 1749 0d3a 4000     		.short	64
 1750 0d3c 4000     		.short	64
 1751 0d3e 4000     		.short	64
 1752 0d40 4000     		.short	64
 1753 0d42 4000     		.short	64
 1754 0d44 4000     		.short	64
 1755 0d46 F007     		.short	2032
 1756 0d48 0000     		.short	0
 1757 0d4a 0000     		.short	0
 1758 0d4c 0000     		.short	0
 1759 0d4e 0000     		.short	0
 1760 0d50 0000     		.short	0
 1761 0d52 0000     		.short	0
 1762 0d54 0000     		.short	0
ARM GAS  /tmp/ccD7wULe.s 			page 32


 1763 0d56 0000     		.short	0
 1764 0d58 0000     		.short	0
 1765 0d5a 0000     		.short	0
 1766 0d5c 0000     		.short	0
 1767 0d5e 0000     		.short	0
 1768 0d60 0000     		.short	0
 1769 0d62 0000     		.short	0
 1770 0d64 E019     		.short	6624
 1771 0d66 180E     		.short	3608
 1772 0d68 080C     		.short	3080
 1773 0d6a 0408     		.short	2052
 1774 0d6c 0408     		.short	2052
 1775 0d6e 0408     		.short	2052
 1776 0d70 0408     		.short	2052
 1777 0d72 080C     		.short	3080
 1778 0d74 180A     		.short	2584
 1779 0d76 E009     		.short	2528
 1780 0d78 0008     		.short	2048
 1781 0d7a 0008     		.short	2048
 1782 0d7c 0004     		.short	1024
 1783 0d7e E003     		.short	992
 1784 0d80 0000     		.short	0
 1785 0d82 0000     		.short	0
 1786 0d84 0000     		.short	0
 1787 0d86 0000     		.short	0
 1788 0d88 0000     		.short	0
 1789 0d8a 0C00     		.short	12
 1790 0d8c 0800     		.short	8
 1791 0d8e 0800     		.short	8
 1792 0d90 0800     		.short	8
 1793 0d92 0800     		.short	8
 1794 0d94 C801     		.short	456
 1795 0d96 3806     		.short	1592
 1796 0d98 1804     		.short	1048
 1797 0d9a 0804     		.short	1032
 1798 0d9c 0804     		.short	1032
 1799 0d9e 0804     		.short	1032
 1800 0da0 0804     		.short	1032
 1801 0da2 0804     		.short	1032
 1802 0da4 0804     		.short	1032
 1803 0da6 1C0E     		.short	3612
 1804 0da8 0000     		.short	0
 1805 0daa 0000     		.short	0
 1806 0dac 0000     		.short	0
 1807 0dae 0000     		.short	0
 1808 0db0 0000     		.short	0
 1809 0db2 0000     		.short	0
 1810 0db4 0000     		.short	0
 1811 0db6 0000     		.short	0
 1812 0db8 0000     		.short	0
 1813 0dba 8000     		.short	128
 1814 0dbc 8000     		.short	128
 1815 0dbe 8000     		.short	128
 1816 0dc0 0000     		.short	0
 1817 0dc2 0000     		.short	0
 1818 0dc4 F000     		.short	240
 1819 0dc6 8000     		.short	128
ARM GAS  /tmp/ccD7wULe.s 			page 33


 1820 0dc8 8000     		.short	128
 1821 0dca 8000     		.short	128
 1822 0dcc 8000     		.short	128
 1823 0dce 8000     		.short	128
 1824 0dd0 8000     		.short	128
 1825 0dd2 8000     		.short	128
 1826 0dd4 8000     		.short	128
 1827 0dd6 F80F     		.short	4088
 1828 0dd8 0000     		.short	0
 1829 0dda 0000     		.short	0
 1830 0ddc 0000     		.short	0
 1831 0dde 0000     		.short	0
 1832 0de0 0000     		.short	0
 1833 0de2 0000     		.short	0
 1834 0de4 0000     		.short	0
 1835 0de6 0000     		.short	0
 1836 0de8 0000     		.short	0
 1837 0dea 0001     		.short	256
 1838 0dec 0001     		.short	256
 1839 0dee 0001     		.short	256
 1840 0df0 0000     		.short	0
 1841 0df2 0000     		.short	0
 1842 0df4 F803     		.short	1016
 1843 0df6 0002     		.short	512
 1844 0df8 0002     		.short	512
 1845 0dfa 0002     		.short	512
 1846 0dfc 0002     		.short	512
 1847 0dfe 0002     		.short	512
 1848 0e00 0002     		.short	512
 1849 0e02 0002     		.short	512
 1850 0e04 0002     		.short	512
 1851 0e06 0002     		.short	512
 1852 0e08 0002     		.short	512
 1853 0e0a 0002     		.short	512
 1854 0e0c 0001     		.short	256
 1855 0e0e F800     		.short	248
 1856 0e10 0000     		.short	0
 1857 0e12 0000     		.short	0
 1858 0e14 0000     		.short	0
 1859 0e16 0000     		.short	0
 1860 0e18 0000     		.short	0
 1861 0e1a 0E00     		.short	14
 1862 0e1c 0800     		.short	8
 1863 0e1e 0800     		.short	8
 1864 0e20 0800     		.short	8
 1865 0e22 0800     		.short	8
 1866 0e24 8807     		.short	1928
 1867 0e26 0801     		.short	264
 1868 0e28 C800     		.short	200
 1869 0e2a 6800     		.short	104
 1870 0e2c 3800     		.short	56
 1871 0e2e 4800     		.short	72
 1872 0e30 8800     		.short	136
 1873 0e32 0801     		.short	264
 1874 0e34 0802     		.short	520
 1875 0e36 0E1F     		.short	7950
 1876 0e38 0000     		.short	0
ARM GAS  /tmp/ccD7wULe.s 			page 34


 1877 0e3a 0000     		.short	0
 1878 0e3c 0000     		.short	0
 1879 0e3e 0000     		.short	0
 1880 0e40 0000     		.short	0
 1881 0e42 0000     		.short	0
 1882 0e44 0000     		.short	0
 1883 0e46 0000     		.short	0
 1884 0e48 0000     		.short	0
 1885 0e4a F000     		.short	240
 1886 0e4c 8000     		.short	128
 1887 0e4e 8000     		.short	128
 1888 0e50 8000     		.short	128
 1889 0e52 8000     		.short	128
 1890 0e54 8000     		.short	128
 1891 0e56 8000     		.short	128
 1892 0e58 8000     		.short	128
 1893 0e5a 8000     		.short	128
 1894 0e5c 8000     		.short	128
 1895 0e5e 8000     		.short	128
 1896 0e60 8000     		.short	128
 1897 0e62 8000     		.short	128
 1898 0e64 8000     		.short	128
 1899 0e66 F80F     		.short	4088
 1900 0e68 0000     		.short	0
 1901 0e6a 0000     		.short	0
 1902 0e6c 0000     		.short	0
 1903 0e6e 0000     		.short	0
 1904 0e70 0000     		.short	0
 1905 0e72 0000     		.short	0
 1906 0e74 0000     		.short	0
 1907 0e76 0000     		.short	0
 1908 0e78 0000     		.short	0
 1909 0e7a 0000     		.short	0
 1910 0e7c 0000     		.short	0
 1911 0e7e 0000     		.short	0
 1912 0e80 0000     		.short	0
 1913 0e82 0000     		.short	0
 1914 0e84 760E     		.short	3702
 1915 0e86 CC19     		.short	6604
 1916 0e88 8410     		.short	4228
 1917 0e8a 8410     		.short	4228
 1918 0e8c 8410     		.short	4228
 1919 0e8e 8410     		.short	4228
 1920 0e90 8410     		.short	4228
 1921 0e92 8410     		.short	4228
 1922 0e94 8410     		.short	4228
 1923 0e96 8E31     		.short	12686
 1924 0e98 0000     		.short	0
 1925 0e9a 0000     		.short	0
 1926 0e9c 0000     		.short	0
 1927 0e9e 0000     		.short	0
 1928 0ea0 0000     		.short	0
 1929 0ea2 0000     		.short	0
 1930 0ea4 0000     		.short	0
 1931 0ea6 0000     		.short	0
 1932 0ea8 0000     		.short	0
 1933 0eaa 0000     		.short	0
ARM GAS  /tmp/ccD7wULe.s 			page 35


 1934 0eac 0000     		.short	0
 1935 0eae 0000     		.short	0
 1936 0eb0 0000     		.short	0
 1937 0eb2 0000     		.short	0
 1938 0eb4 CC03     		.short	972
 1939 0eb6 3804     		.short	1080
 1940 0eb8 0808     		.short	2056
 1941 0eba 0808     		.short	2056
 1942 0ebc 0808     		.short	2056
 1943 0ebe 0808     		.short	2056
 1944 0ec0 0808     		.short	2056
 1945 0ec2 0808     		.short	2056
 1946 0ec4 0808     		.short	2056
 1947 0ec6 1E1C     		.short	7198
 1948 0ec8 0000     		.short	0
 1949 0eca 0000     		.short	0
 1950 0ecc 0000     		.short	0
 1951 0ece 0000     		.short	0
 1952 0ed0 0000     		.short	0
 1953 0ed2 0000     		.short	0
 1954 0ed4 0000     		.short	0
 1955 0ed6 0000     		.short	0
 1956 0ed8 0000     		.short	0
 1957 0eda 0000     		.short	0
 1958 0edc 0000     		.short	0
 1959 0ede 0000     		.short	0
 1960 0ee0 0000     		.short	0
 1961 0ee2 0000     		.short	0
 1962 0ee4 E003     		.short	992
 1963 0ee6 1004     		.short	1040
 1964 0ee8 0808     		.short	2056
 1965 0eea 0410     		.short	4100
 1966 0eec 0410     		.short	4100
 1967 0eee 0410     		.short	4100
 1968 0ef0 0410     		.short	4100
 1969 0ef2 0808     		.short	2056
 1970 0ef4 1004     		.short	1040
 1971 0ef6 E003     		.short	992
 1972 0ef8 0000     		.short	0
 1973 0efa 0000     		.short	0
 1974 0efc 0000     		.short	0
 1975 0efe 0000     		.short	0
 1976 0f00 0000     		.short	0
 1977 0f02 0000     		.short	0
 1978 0f04 0000     		.short	0
 1979 0f06 0000     		.short	0
 1980 0f08 0000     		.short	0
 1981 0f0a 0000     		.short	0
 1982 0f0c 0000     		.short	0
 1983 0f0e 0000     		.short	0
 1984 0f10 0000     		.short	0
 1985 0f12 0000     		.short	0
 1986 0f14 E603     		.short	998
 1987 0f16 140C     		.short	3092
 1988 0f18 0C08     		.short	2060
 1989 0f1a 0410     		.short	4100
 1990 0f1c 0410     		.short	4100
ARM GAS  /tmp/ccD7wULe.s 			page 36


 1991 0f1e 0410     		.short	4100
 1992 0f20 0410     		.short	4100
 1993 0f22 0C08     		.short	2060
 1994 0f24 1404     		.short	1044
 1995 0f26 E403     		.short	996
 1996 0f28 0400     		.short	4
 1997 0f2a 0400     		.short	4
 1998 0f2c 0400     		.short	4
 1999 0f2e 1E00     		.short	30
 2000 0f30 0000     		.short	0
 2001 0f32 0000     		.short	0
 2002 0f34 0000     		.short	0
 2003 0f36 0000     		.short	0
 2004 0f38 0000     		.short	0
 2005 0f3a 0000     		.short	0
 2006 0f3c 0000     		.short	0
 2007 0f3e 0000     		.short	0
 2008 0f40 0000     		.short	0
 2009 0f42 0000     		.short	0
 2010 0f44 E019     		.short	6624
 2011 0f46 180E     		.short	3608
 2012 0f48 080C     		.short	3080
 2013 0f4a 0408     		.short	2052
 2014 0f4c 0408     		.short	2052
 2015 0f4e 0408     		.short	2052
 2016 0f50 0408     		.short	2052
 2017 0f52 080C     		.short	3080
 2018 0f54 180A     		.short	2584
 2019 0f56 E009     		.short	2528
 2020 0f58 0008     		.short	2048
 2021 0f5a 0008     		.short	2048
 2022 0f5c 0008     		.short	2048
 2023 0f5e 001E     		.short	7680
 2024 0f60 0000     		.short	0
 2025 0f62 0000     		.short	0
 2026 0f64 0000     		.short	0
 2027 0f66 0000     		.short	0
 2028 0f68 0000     		.short	0
 2029 0f6a 0000     		.short	0
 2030 0f6c 0000     		.short	0
 2031 0f6e 0000     		.short	0
 2032 0f70 0000     		.short	0
 2033 0f72 0000     		.short	0
 2034 0f74 380E     		.short	3640
 2035 0f76 A011     		.short	4512
 2036 0f78 6000     		.short	96
 2037 0f7a 2000     		.short	32
 2038 0f7c 2000     		.short	32
 2039 0f7e 2000     		.short	32
 2040 0f80 2000     		.short	32
 2041 0f82 2000     		.short	32
 2042 0f84 2000     		.short	32
 2043 0f86 F803     		.short	1016
 2044 0f88 0000     		.short	0
 2045 0f8a 0000     		.short	0
 2046 0f8c 0000     		.short	0
 2047 0f8e 0000     		.short	0
ARM GAS  /tmp/ccD7wULe.s 			page 37


 2048 0f90 0000     		.short	0
 2049 0f92 0000     		.short	0
 2050 0f94 0000     		.short	0
 2051 0f96 0000     		.short	0
 2052 0f98 0000     		.short	0
 2053 0f9a 0000     		.short	0
 2054 0f9c 0000     		.short	0
 2055 0f9e 0000     		.short	0
 2056 0fa0 0000     		.short	0
 2057 0fa2 0000     		.short	0
 2058 0fa4 E00B     		.short	3040
 2059 0fa6 180C     		.short	3096
 2060 0fa8 0808     		.short	2056
 2061 0faa 1800     		.short	24
 2062 0fac E001     		.short	480
 2063 0fae 0006     		.short	1536
 2064 0fb0 0008     		.short	2048
 2065 0fb2 0408     		.short	2052
 2066 0fb4 0C04     		.short	1036
 2067 0fb6 F403     		.short	1012
 2068 0fb8 0000     		.short	0
 2069 0fba 0000     		.short	0
 2070 0fbc 0000     		.short	0
 2071 0fbe 0000     		.short	0
 2072 0fc0 0000     		.short	0
 2073 0fc2 0000     		.short	0
 2074 0fc4 0000     		.short	0
 2075 0fc6 0000     		.short	0
 2076 0fc8 0000     		.short	0
 2077 0fca 0000     		.short	0
 2078 0fcc 0800     		.short	8
 2079 0fce 0800     		.short	8
 2080 0fd0 0800     		.short	8
 2081 0fd2 0800     		.short	8
 2082 0fd4 FE01     		.short	510
 2083 0fd6 0800     		.short	8
 2084 0fd8 0800     		.short	8
 2085 0fda 0800     		.short	8
 2086 0fdc 0800     		.short	8
 2087 0fde 0800     		.short	8
 2088 0fe0 0800     		.short	8
 2089 0fe2 0800     		.short	8
 2090 0fe4 1804     		.short	1048
 2091 0fe6 F003     		.short	1008
 2092 0fe8 0000     		.short	0
 2093 0fea 0000     		.short	0
 2094 0fec 0000     		.short	0
 2095 0fee 0000     		.short	0
 2096 0ff0 0000     		.short	0
 2097 0ff2 0000     		.short	0
 2098 0ff4 0000     		.short	0
 2099 0ff6 0000     		.short	0
 2100 0ff8 0000     		.short	0
 2101 0ffa 0000     		.short	0
 2102 0ffc 0000     		.short	0
 2103 0ffe 0000     		.short	0
 2104 1000 0000     		.short	0
ARM GAS  /tmp/ccD7wULe.s 			page 38


 2105 1002 0000     		.short	0
 2106 1004 0C0E     		.short	3596
 2107 1006 0808     		.short	2056
 2108 1008 0808     		.short	2056
 2109 100a 0808     		.short	2056
 2110 100c 0808     		.short	2056
 2111 100e 0808     		.short	2056
 2112 1010 0808     		.short	2056
 2113 1012 0808     		.short	2056
 2114 1014 180E     		.short	3608
 2115 1016 F019     		.short	6640
 2116 1018 0000     		.short	0
 2117 101a 0000     		.short	0
 2118 101c 0000     		.short	0
 2119 101e 0000     		.short	0
 2120 1020 0000     		.short	0
 2121 1022 0000     		.short	0
 2122 1024 0000     		.short	0
 2123 1026 0000     		.short	0
 2124 1028 0000     		.short	0
 2125 102a 0000     		.short	0
 2126 102c 0000     		.short	0
 2127 102e 0000     		.short	0
 2128 1030 0000     		.short	0
 2129 1032 0000     		.short	0
 2130 1034 3E3E     		.short	15934
 2131 1036 0808     		.short	2056
 2132 1038 0804     		.short	1032
 2133 103a 1804     		.short	1048
 2134 103c 1006     		.short	1552
 2135 103e 1002     		.short	528
 2136 1040 2002     		.short	544
 2137 1042 2001     		.short	288
 2138 1044 4001     		.short	320
 2139 1046 C000     		.short	192
 2140 1048 0000     		.short	0
 2141 104a 0000     		.short	0
 2142 104c 0000     		.short	0
 2143 104e 0000     		.short	0
 2144 1050 0000     		.short	0
 2145 1052 0000     		.short	0
 2146 1054 0000     		.short	0
 2147 1056 0000     		.short	0
 2148 1058 0000     		.short	0
 2149 105a 0000     		.short	0
 2150 105c 0000     		.short	0
 2151 105e 0000     		.short	0
 2152 1060 0000     		.short	0
 2153 1062 0000     		.short	0
 2154 1064 1E3C     		.short	15390
 2155 1066 0408     		.short	2052
 2156 1068 0408     		.short	2052
 2157 106a C408     		.short	2244
 2158 106c C808     		.short	2248
 2159 106e 4809     		.short	2376
 2160 1070 2805     		.short	1320
 2161 1072 2807     		.short	1832
ARM GAS  /tmp/ccD7wULe.s 			page 39


 2162 1074 2806     		.short	1576
 2163 1076 1006     		.short	1552
 2164 1078 0000     		.short	0
 2165 107a 0000     		.short	0
 2166 107c 0000     		.short	0
 2167 107e 0000     		.short	0
 2168 1080 0000     		.short	0
 2169 1082 0000     		.short	0
 2170 1084 0000     		.short	0
 2171 1086 0000     		.short	0
 2172 1088 0000     		.short	0
 2173 108a 0000     		.short	0
 2174 108c 0000     		.short	0
 2175 108e 0000     		.short	0
 2176 1090 0000     		.short	0
 2177 1092 0000     		.short	0
 2178 1094 3C1E     		.short	7740
 2179 1096 1804     		.short	1048
 2180 1098 3002     		.short	560
 2181 109a 6001     		.short	352
 2182 109c C000     		.short	192
 2183 109e C001     		.short	448
 2184 10a0 2003     		.short	800
 2185 10a2 1006     		.short	1552
 2186 10a4 080C     		.short	3080
 2187 10a6 3E1E     		.short	7742
 2188 10a8 0000     		.short	0
 2189 10aa 0000     		.short	0
 2190 10ac 0000     		.short	0
 2191 10ae 0000     		.short	0
 2192 10b0 0000     		.short	0
 2193 10b2 0000     		.short	0
 2194 10b4 0000     		.short	0
 2195 10b6 0000     		.short	0
 2196 10b8 0000     		.short	0
 2197 10ba 0000     		.short	0
 2198 10bc 0000     		.short	0
 2199 10be 0000     		.short	0
 2200 10c0 0000     		.short	0
 2201 10c2 0000     		.short	0
 2202 10c4 1E1E     		.short	7710
 2203 10c6 0808     		.short	2056
 2204 10c8 0804     		.short	1032
 2205 10ca 1004     		.short	1040
 2206 10cc 1002     		.short	528
 2207 10ce 2002     		.short	544
 2208 10d0 2001     		.short	288
 2209 10d2 4001     		.short	320
 2210 10d4 C000     		.short	192
 2211 10d6 8000     		.short	128
 2212 10d8 4000     		.short	64
 2213 10da 4000     		.short	64
 2214 10dc 2000     		.short	32
 2215 10de FE00     		.short	254
 2216 10e0 0000     		.short	0
 2217 10e2 0000     		.short	0
 2218 10e4 0000     		.short	0
ARM GAS  /tmp/ccD7wULe.s 			page 40


 2219 10e6 0000     		.short	0
 2220 10e8 0000     		.short	0
 2221 10ea 0000     		.short	0
 2222 10ec 0000     		.short	0
 2223 10ee 0000     		.short	0
 2224 10f0 0000     		.short	0
 2225 10f2 0000     		.short	0
 2226 10f4 F807     		.short	2040
 2227 10f6 0802     		.short	520
 2228 10f8 0002     		.short	512
 2229 10fa 0001     		.short	256
 2230 10fc 8000     		.short	128
 2231 10fe 4000     		.short	64
 2232 1100 2000     		.short	32
 2233 1102 1000     		.short	16
 2234 1104 1008     		.short	2064
 2235 1106 F00F     		.short	4080
 2236 1108 0000     		.short	0
 2237 110a 0000     		.short	0
 2238 110c 0000     		.short	0
 2239 110e 0000     		.short	0
 2240 1110 0000     		.short	0
 2241 1112 0000     		.short	0
 2242 1114 0000     		.short	0
 2243 1116 0000     		.short	0
 2244 1118 0000     		.short	0
 2245 111a E000     		.short	224
 2246 111c 1001     		.short	272
 2247 111e 0802     		.short	520
 2248 1120 0802     		.short	520
 2249 1122 0802     		.short	520
 2250 1124 0801     		.short	264
 2251 1126 C801     		.short	456
 2252 1128 0806     		.short	1544
 2253 112a 0804     		.short	1032
 2254 112c 0808     		.short	2056
 2255 112e 0808     		.short	2056
 2256 1130 0808     		.short	2056
 2257 1132 4808     		.short	2120
 2258 1134 C804     		.short	1224
 2259 1136 9C07     		.short	1948
 2260 1138 0000     		.short	0
 2261 113a 0000     		.short	0
 2262 113c 0000     		.short	0
 2263 113e 0000     		.short	0
 2264 1140 0000     		.short	0
 2265 1142 0000     		.short	0
 2266 1144 0000     		.short	0
 2267 1146 0000     		.short	0
 2268 1148 0000     		.short	0
 2269 114a 8000     		.short	128
 2270 114c 8000     		.short	128
 2271 114e 8000     		.short	128
 2272 1150 8000     		.short	128
 2273 1152 8000     		.short	128
 2274 1154 8000     		.short	128
 2275 1156 8000     		.short	128
ARM GAS  /tmp/ccD7wULe.s 			page 41


 2276 1158 8000     		.short	128
 2277 115a 8000     		.short	128
 2278 115c 8000     		.short	128
 2279 115e 8000     		.short	128
 2280 1160 8000     		.short	128
 2281 1162 8000     		.short	128
 2282 1164 8000     		.short	128
 2283 1166 8000     		.short	128
 2284 1168 8000     		.short	128
 2285 116a 8000     		.short	128
 2286 116c 8000     		.short	128
 2287 116e 0000     		.short	0
 2288 1170 0000     		.short	0
 2289 1172 0000     		.short	0
 2290 1174 0000     		.short	0
 2291 1176 0000     		.short	0
 2292 1178 0000     		.short	0
 2293 117a C001     		.short	448
 2294 117c 2002     		.short	544
 2295 117e 1004     		.short	1040
 2296 1180 1004     		.short	1040
 2297 1182 1004     		.short	1040
 2298 1184 2002     		.short	544
 2299 1186 C001     		.short	448
 2300 1188 0000     		.short	0
 2301 118a 0000     		.short	0
 2302 118c 0000     		.short	0
 2303 118e 0000     		.short	0
 2304 1190 0000     		.short	0
 2305 1192 0000     		.short	0
 2306 1194 0000     		.short	0
 2307 1196 0000     		.short	0
 2308 1198 0000     		.short	0
 2309 119a 0000     		.short	0
 2310 119c 0000     		.short	0
 2311 119e 0000     		.short	0
 2312              		.text
 2313              	.Letext0:
 2314              		.file 2 "/usr/lib/gcc/arm-none-eabi/13.3.1/include/stdint.h"
 2315              		.file 3 "ssd1306-stm32HAL/lib/fonts.h"
 2316              		.file 4 "./font_freemono.h"
ARM GAS  /tmp/ccD7wULe.s 			page 42


DEFINED SYMBOLS
                            *ABS*:00000000 prj_main.c
     /tmp/ccD7wULe.s:19     .text.prj_main:00000000 $t
     /tmp/ccD7wULe.s:25     .text.prj_main:00000000 prj_main
     /tmp/ccD7wULe.s:46     .data.Font_FreeMono_16x24:00000000 Font_FreeMono_16x24
     /tmp/ccD7wULe.s:43     .data.Font_FreeMono_16x24:00000000 $d
     /tmp/ccD7wULe.s:55     .rodata._FontFreeMono_16x24:00000000 _FontFreeMono_16x24
     /tmp/ccD7wULe.s:52     .rodata._FontFreeMono_16x24:00000000 $d

NO UNDEFINED SYMBOLS
