ARM GAS  /tmp/ccwMstnq.s 			page 1


   1              		.cpu cortex-m0
   2              		.arch armv6s-m
   3              		.fpu softvfp
   4              		.eabi_attribute 20, 1
   5              		.eabi_attribute 21, 1
   6              		.eabi_attribute 23, 3
   7              		.eabi_attribute 24, 1
   8              		.eabi_attribute 25, 1
   9              		.eabi_attribute 26, 1
  10              		.eabi_attribute 30, 1
  11              		.eabi_attribute 34, 0
  12              		.eabi_attribute 18, 4
  13              		.file	"usart.c"
  14              		.text
  15              	.Ltext0:
  16              		.cfi_sections	.debug_frame
  17              		.file 1 "Core/Src/usart.c"
  18              		.section	.text.MX_USART1_UART_Init,"ax",%progbits
  19              		.align	1
  20              		.global	MX_USART1_UART_Init
  21              		.syntax unified
  22              		.code	16
  23              		.thumb_func
  25              	MX_USART1_UART_Init:
  26              	.LFB40:
   1:Core/Src/usart.c **** /* USER CODE BEGIN Header */
   2:Core/Src/usart.c **** /**
   3:Core/Src/usart.c ****   ******************************************************************************
   4:Core/Src/usart.c ****   * @file    usart.c
   5:Core/Src/usart.c ****   * @brief   This file provides code for the configuration
   6:Core/Src/usart.c ****   *          of the USART instances.
   7:Core/Src/usart.c ****   ******************************************************************************
   8:Core/Src/usart.c ****   * @attention
   9:Core/Src/usart.c ****   *
  10:Core/Src/usart.c ****   * Copyright (c) 2024 STMicroelectronics.
  11:Core/Src/usart.c ****   * All rights reserved.
  12:Core/Src/usart.c ****   *
  13:Core/Src/usart.c ****   * This software is licensed under terms that can be found in the LICENSE file
  14:Core/Src/usart.c ****   * in the root directory of this software component.
  15:Core/Src/usart.c ****   * If no LICENSE file comes with this software, it is provided AS-IS.
  16:Core/Src/usart.c ****   *
  17:Core/Src/usart.c ****   ******************************************************************************
  18:Core/Src/usart.c ****   */
  19:Core/Src/usart.c **** /* USER CODE END Header */
  20:Core/Src/usart.c **** /* Includes ------------------------------------------------------------------*/
  21:Core/Src/usart.c **** #include "usart.h"
  22:Core/Src/usart.c **** 
  23:Core/Src/usart.c **** /* USER CODE BEGIN 0 */
  24:Core/Src/usart.c **** 
  25:Core/Src/usart.c **** /* USER CODE END 0 */
  26:Core/Src/usart.c **** 
  27:Core/Src/usart.c **** UART_HandleTypeDef huart1;
  28:Core/Src/usart.c **** 
  29:Core/Src/usart.c **** /* USART1 init function */
  30:Core/Src/usart.c **** 
  31:Core/Src/usart.c **** void MX_USART1_UART_Init(void)
  32:Core/Src/usart.c **** {
ARM GAS  /tmp/ccwMstnq.s 			page 2


  27              		.loc 1 32 1 view -0
  28              		.cfi_startproc
  29              		@ args = 0, pretend = 0, frame = 0
  30              		@ frame_needed = 0, uses_anonymous_args = 0
  31 0000 10B5     		push	{r4, lr}
  32              	.LCFI0:
  33              		.cfi_def_cfa_offset 8
  34              		.cfi_offset 4, -8
  35              		.cfi_offset 14, -4
  33:Core/Src/usart.c **** 
  34:Core/Src/usart.c ****   /* USER CODE BEGIN USART1_Init 0 */
  35:Core/Src/usart.c **** 
  36:Core/Src/usart.c ****   /* USER CODE END USART1_Init 0 */
  37:Core/Src/usart.c **** 
  38:Core/Src/usart.c ****   /* USER CODE BEGIN USART1_Init 1 */
  39:Core/Src/usart.c **** 
  40:Core/Src/usart.c ****   /* USER CODE END USART1_Init 1 */
  41:Core/Src/usart.c ****   huart1.Instance = USART1;
  36              		.loc 1 41 3 view .LVU1
  37              		.loc 1 41 19 is_stmt 0 view .LVU2
  38 0002 0C48     		ldr	r0, .L4
  39 0004 0C4B     		ldr	r3, .L4+4
  40 0006 0360     		str	r3, [r0]
  42:Core/Src/usart.c ****   huart1.Init.BaudRate = 115200;
  41              		.loc 1 42 3 is_stmt 1 view .LVU3
  42              		.loc 1 42 24 is_stmt 0 view .LVU4
  43 0008 E123     		movs	r3, #225
  44 000a 5B02     		lsls	r3, r3, #9
  45 000c 4360     		str	r3, [r0, #4]
  43:Core/Src/usart.c ****   huart1.Init.WordLength = UART_WORDLENGTH_8B;
  46              		.loc 1 43 3 is_stmt 1 view .LVU5
  47              		.loc 1 43 26 is_stmt 0 view .LVU6
  48 000e 0023     		movs	r3, #0
  49 0010 8360     		str	r3, [r0, #8]
  44:Core/Src/usart.c ****   huart1.Init.StopBits = UART_STOPBITS_1;
  50              		.loc 1 44 3 is_stmt 1 view .LVU7
  51              		.loc 1 44 24 is_stmt 0 view .LVU8
  52 0012 C360     		str	r3, [r0, #12]
  45:Core/Src/usart.c ****   huart1.Init.Parity = UART_PARITY_NONE;
  53              		.loc 1 45 3 is_stmt 1 view .LVU9
  54              		.loc 1 45 22 is_stmt 0 view .LVU10
  55 0014 0361     		str	r3, [r0, #16]
  46:Core/Src/usart.c ****   huart1.Init.Mode = UART_MODE_TX_RX;
  56              		.loc 1 46 3 is_stmt 1 view .LVU11
  57              		.loc 1 46 20 is_stmt 0 view .LVU12
  58 0016 0C22     		movs	r2, #12
  59 0018 4261     		str	r2, [r0, #20]
  47:Core/Src/usart.c ****   huart1.Init.HwFlowCtl = UART_HWCONTROL_NONE;
  60              		.loc 1 47 3 is_stmt 1 view .LVU13
  61              		.loc 1 47 25 is_stmt 0 view .LVU14
  62 001a 8361     		str	r3, [r0, #24]
  48:Core/Src/usart.c ****   huart1.Init.OverSampling = UART_OVERSAMPLING_16;
  63              		.loc 1 48 3 is_stmt 1 view .LVU15
  64              		.loc 1 48 28 is_stmt 0 view .LVU16
  65 001c C361     		str	r3, [r0, #28]
  49:Core/Src/usart.c ****   huart1.Init.OneBitSampling = UART_ONE_BIT_SAMPLE_DISABLE;
  66              		.loc 1 49 3 is_stmt 1 view .LVU17
ARM GAS  /tmp/ccwMstnq.s 			page 3


  67              		.loc 1 49 30 is_stmt 0 view .LVU18
  68 001e 0362     		str	r3, [r0, #32]
  50:Core/Src/usart.c ****   huart1.AdvancedInit.AdvFeatureInit = UART_ADVFEATURE_NO_INIT;
  69              		.loc 1 50 3 is_stmt 1 view .LVU19
  70              		.loc 1 50 38 is_stmt 0 view .LVU20
  71 0020 4362     		str	r3, [r0, #36]
  51:Core/Src/usart.c ****   if (HAL_HalfDuplex_Init(&huart1) != HAL_OK)
  72              		.loc 1 51 3 is_stmt 1 view .LVU21
  73              		.loc 1 51 7 is_stmt 0 view .LVU22
  74 0022 FFF7FEFF 		bl	HAL_HalfDuplex_Init
  75              	.LVL0:
  76              		.loc 1 51 6 discriminator 1 view .LVU23
  77 0026 0028     		cmp	r0, #0
  78 0028 00D1     		bne	.L3
  79              	.L1:
  52:Core/Src/usart.c ****   {
  53:Core/Src/usart.c ****     Error_Handler();
  54:Core/Src/usart.c ****   }
  55:Core/Src/usart.c ****   /* USER CODE BEGIN USART1_Init 2 */
  56:Core/Src/usart.c **** 
  57:Core/Src/usart.c ****   /* USER CODE END USART1_Init 2 */
  58:Core/Src/usart.c **** 
  59:Core/Src/usart.c **** }
  80              		.loc 1 59 1 view .LVU24
  81              		@ sp needed
  82 002a 10BD     		pop	{r4, pc}
  83              	.L3:
  53:Core/Src/usart.c ****   }
  84              		.loc 1 53 5 is_stmt 1 view .LVU25
  85 002c FFF7FEFF 		bl	Error_Handler
  86              	.LVL1:
  87              		.loc 1 59 1 is_stmt 0 view .LVU26
  88 0030 FBE7     		b	.L1
  89              	.L5:
  90 0032 C046     		.align	2
  91              	.L4:
  92 0034 00000000 		.word	huart1
  93 0038 00380140 		.word	1073821696
  94              		.cfi_endproc
  95              	.LFE40:
  97              		.section	.text.HAL_UART_MspInit,"ax",%progbits
  98              		.align	1
  99              		.global	HAL_UART_MspInit
 100              		.syntax unified
 101              		.code	16
 102              		.thumb_func
 104              	HAL_UART_MspInit:
 105              	.LVL2:
 106              	.LFB41:
  60:Core/Src/usart.c **** 
  61:Core/Src/usart.c **** void HAL_UART_MspInit(UART_HandleTypeDef* uartHandle)
  62:Core/Src/usart.c **** {
 107              		.loc 1 62 1 is_stmt 1 view -0
 108              		.cfi_startproc
 109              		@ args = 0, pretend = 0, frame = 32
 110              		@ frame_needed = 0, uses_anonymous_args = 0
 111              		.loc 1 62 1 is_stmt 0 view .LVU28
ARM GAS  /tmp/ccwMstnq.s 			page 4


 112 0000 10B5     		push	{r4, lr}
 113              	.LCFI1:
 114              		.cfi_def_cfa_offset 8
 115              		.cfi_offset 4, -8
 116              		.cfi_offset 14, -4
 117 0002 88B0     		sub	sp, sp, #32
 118              	.LCFI2:
 119              		.cfi_def_cfa_offset 40
 120 0004 0400     		movs	r4, r0
  63:Core/Src/usart.c **** 
  64:Core/Src/usart.c ****   GPIO_InitTypeDef GPIO_InitStruct = {0};
 121              		.loc 1 64 3 is_stmt 1 view .LVU29
 122              		.loc 1 64 20 is_stmt 0 view .LVU30
 123 0006 1422     		movs	r2, #20
 124 0008 0021     		movs	r1, #0
 125 000a 03A8     		add	r0, sp, #12
 126              	.LVL3:
 127              		.loc 1 64 20 view .LVU31
 128 000c FFF7FEFF 		bl	memset
 129              	.LVL4:
  65:Core/Src/usart.c ****   if(uartHandle->Instance==USART1)
 130              		.loc 1 65 3 is_stmt 1 view .LVU32
 131              		.loc 1 65 16 is_stmt 0 view .LVU33
 132 0010 2268     		ldr	r2, [r4]
 133              		.loc 1 65 5 view .LVU34
 134 0012 144B     		ldr	r3, .L9
 135 0014 9A42     		cmp	r2, r3
 136 0016 01D0     		beq	.L8
 137              	.L6:
  66:Core/Src/usart.c ****   {
  67:Core/Src/usart.c ****   /* USER CODE BEGIN USART1_MspInit 0 */
  68:Core/Src/usart.c **** 
  69:Core/Src/usart.c ****   /* USER CODE END USART1_MspInit 0 */
  70:Core/Src/usart.c ****     /* USART1 clock enable */
  71:Core/Src/usart.c ****     __HAL_RCC_USART1_CLK_ENABLE();
  72:Core/Src/usart.c **** 
  73:Core/Src/usart.c ****     __HAL_RCC_GPIOA_CLK_ENABLE();
  74:Core/Src/usart.c ****     /**USART1 GPIO Configuration
  75:Core/Src/usart.c ****     PA9     ------> USART1_TX
  76:Core/Src/usart.c ****     */
  77:Core/Src/usart.c ****     GPIO_InitStruct.Pin = USART1_TX_DBG_Pin;
  78:Core/Src/usart.c ****     GPIO_InitStruct.Mode = GPIO_MODE_AF_OD;
  79:Core/Src/usart.c ****     GPIO_InitStruct.Pull = GPIO_PULLUP;
  80:Core/Src/usart.c ****     GPIO_InitStruct.Speed = GPIO_SPEED_FREQ_HIGH;
  81:Core/Src/usart.c ****     GPIO_InitStruct.Alternate = GPIO_AF1_USART1;
  82:Core/Src/usart.c ****     HAL_GPIO_Init(USART1_TX_DBG_GPIO_Port, &GPIO_InitStruct);
  83:Core/Src/usart.c **** 
  84:Core/Src/usart.c ****   /* USER CODE BEGIN USART1_MspInit 1 */
  85:Core/Src/usart.c **** 
  86:Core/Src/usart.c ****   /* USER CODE END USART1_MspInit 1 */
  87:Core/Src/usart.c ****   }
  88:Core/Src/usart.c **** }
 138              		.loc 1 88 1 view .LVU35
 139 0018 08B0     		add	sp, sp, #32
 140              		@ sp needed
 141              	.LVL5:
 142              		.loc 1 88 1 view .LVU36
ARM GAS  /tmp/ccwMstnq.s 			page 5


 143 001a 10BD     		pop	{r4, pc}
 144              	.LVL6:
 145              	.L8:
  71:Core/Src/usart.c **** 
 146              		.loc 1 71 5 is_stmt 1 view .LVU37
 147              	.LBB2:
  71:Core/Src/usart.c **** 
 148              		.loc 1 71 5 view .LVU38
  71:Core/Src/usart.c **** 
 149              		.loc 1 71 5 view .LVU39
 150 001c 124B     		ldr	r3, .L9+4
 151 001e 9A69     		ldr	r2, [r3, #24]
 152 0020 8021     		movs	r1, #128
 153 0022 C901     		lsls	r1, r1, #7
 154 0024 0A43     		orrs	r2, r1
 155 0026 9A61     		str	r2, [r3, #24]
  71:Core/Src/usart.c **** 
 156              		.loc 1 71 5 view .LVU40
 157 0028 9A69     		ldr	r2, [r3, #24]
 158 002a 0A40     		ands	r2, r1
 159 002c 0192     		str	r2, [sp, #4]
  71:Core/Src/usart.c **** 
 160              		.loc 1 71 5 view .LVU41
 161 002e 019A     		ldr	r2, [sp, #4]
 162              	.LBE2:
  71:Core/Src/usart.c **** 
 163              		.loc 1 71 5 view .LVU42
  73:Core/Src/usart.c ****     /**USART1 GPIO Configuration
 164              		.loc 1 73 5 view .LVU43
 165              	.LBB3:
  73:Core/Src/usart.c ****     /**USART1 GPIO Configuration
 166              		.loc 1 73 5 view .LVU44
  73:Core/Src/usart.c ****     /**USART1 GPIO Configuration
 167              		.loc 1 73 5 view .LVU45
 168 0030 5A69     		ldr	r2, [r3, #20]
 169 0032 8021     		movs	r1, #128
 170 0034 8902     		lsls	r1, r1, #10
 171 0036 0A43     		orrs	r2, r1
 172 0038 5A61     		str	r2, [r3, #20]
  73:Core/Src/usart.c ****     /**USART1 GPIO Configuration
 173              		.loc 1 73 5 view .LVU46
 174 003a 5B69     		ldr	r3, [r3, #20]
 175 003c 0B40     		ands	r3, r1
 176 003e 0293     		str	r3, [sp, #8]
  73:Core/Src/usart.c ****     /**USART1 GPIO Configuration
 177              		.loc 1 73 5 view .LVU47
 178 0040 029B     		ldr	r3, [sp, #8]
 179              	.LBE3:
  73:Core/Src/usart.c ****     /**USART1 GPIO Configuration
 180              		.loc 1 73 5 view .LVU48
  77:Core/Src/usart.c ****     GPIO_InitStruct.Mode = GPIO_MODE_AF_OD;
 181              		.loc 1 77 5 view .LVU49
  77:Core/Src/usart.c ****     GPIO_InitStruct.Mode = GPIO_MODE_AF_OD;
 182              		.loc 1 77 25 is_stmt 0 view .LVU50
 183 0042 8023     		movs	r3, #128
 184 0044 9B00     		lsls	r3, r3, #2
 185 0046 0393     		str	r3, [sp, #12]
ARM GAS  /tmp/ccwMstnq.s 			page 6


  78:Core/Src/usart.c ****     GPIO_InitStruct.Pull = GPIO_PULLUP;
 186              		.loc 1 78 5 is_stmt 1 view .LVU51
  78:Core/Src/usart.c ****     GPIO_InitStruct.Pull = GPIO_PULLUP;
 187              		.loc 1 78 26 is_stmt 0 view .LVU52
 188 0048 EF3B     		subs	r3, r3, #239
 189 004a FF3B     		subs	r3, r3, #255
 190 004c 0493     		str	r3, [sp, #16]
  79:Core/Src/usart.c ****     GPIO_InitStruct.Speed = GPIO_SPEED_FREQ_HIGH;
 191              		.loc 1 79 5 is_stmt 1 view .LVU53
  79:Core/Src/usart.c ****     GPIO_InitStruct.Speed = GPIO_SPEED_FREQ_HIGH;
 192              		.loc 1 79 26 is_stmt 0 view .LVU54
 193 004e 113B     		subs	r3, r3, #17
 194 0050 0593     		str	r3, [sp, #20]
  80:Core/Src/usart.c ****     GPIO_InitStruct.Alternate = GPIO_AF1_USART1;
 195              		.loc 1 80 5 is_stmt 1 view .LVU55
  80:Core/Src/usart.c ****     GPIO_InitStruct.Alternate = GPIO_AF1_USART1;
 196              		.loc 1 80 27 is_stmt 0 view .LVU56
 197 0052 0322     		movs	r2, #3
 198 0054 0692     		str	r2, [sp, #24]
  81:Core/Src/usart.c ****     HAL_GPIO_Init(USART1_TX_DBG_GPIO_Port, &GPIO_InitStruct);
 199              		.loc 1 81 5 is_stmt 1 view .LVU57
  81:Core/Src/usart.c ****     HAL_GPIO_Init(USART1_TX_DBG_GPIO_Port, &GPIO_InitStruct);
 200              		.loc 1 81 31 is_stmt 0 view .LVU58
 201 0056 0793     		str	r3, [sp, #28]
  82:Core/Src/usart.c **** 
 202              		.loc 1 82 5 is_stmt 1 view .LVU59
 203 0058 9020     		movs	r0, #144
 204 005a 03A9     		add	r1, sp, #12
 205 005c C005     		lsls	r0, r0, #23
 206 005e FFF7FEFF 		bl	HAL_GPIO_Init
 207              	.LVL7:
 208              		.loc 1 88 1 is_stmt 0 view .LVU60
 209 0062 D9E7     		b	.L6
 210              	.L10:
 211              		.align	2
 212              	.L9:
 213 0064 00380140 		.word	1073821696
 214 0068 00100240 		.word	1073876992
 215              		.cfi_endproc
 216              	.LFE41:
 218              		.section	.text.HAL_UART_MspDeInit,"ax",%progbits
 219              		.align	1
 220              		.global	HAL_UART_MspDeInit
 221              		.syntax unified
 222              		.code	16
 223              		.thumb_func
 225              	HAL_UART_MspDeInit:
 226              	.LVL8:
 227              	.LFB42:
  89:Core/Src/usart.c **** 
  90:Core/Src/usart.c **** void HAL_UART_MspDeInit(UART_HandleTypeDef* uartHandle)
  91:Core/Src/usart.c **** {
 228              		.loc 1 91 1 is_stmt 1 view -0
 229              		.cfi_startproc
 230              		@ args = 0, pretend = 0, frame = 0
 231              		@ frame_needed = 0, uses_anonymous_args = 0
 232              		.loc 1 91 1 is_stmt 0 view .LVU62
ARM GAS  /tmp/ccwMstnq.s 			page 7


 233 0000 10B5     		push	{r4, lr}
 234              	.LCFI3:
 235              		.cfi_def_cfa_offset 8
 236              		.cfi_offset 4, -8
 237              		.cfi_offset 14, -4
  92:Core/Src/usart.c **** 
  93:Core/Src/usart.c ****   if(uartHandle->Instance==USART1)
 238              		.loc 1 93 3 is_stmt 1 view .LVU63
 239              		.loc 1 93 16 is_stmt 0 view .LVU64
 240 0002 0268     		ldr	r2, [r0]
 241              		.loc 1 93 5 view .LVU65
 242 0004 074B     		ldr	r3, .L14
 243 0006 9A42     		cmp	r2, r3
 244 0008 00D0     		beq	.L13
 245              	.LVL9:
 246              	.L11:
  94:Core/Src/usart.c ****   {
  95:Core/Src/usart.c ****   /* USER CODE BEGIN USART1_MspDeInit 0 */
  96:Core/Src/usart.c **** 
  97:Core/Src/usart.c ****   /* USER CODE END USART1_MspDeInit 0 */
  98:Core/Src/usart.c ****     /* Peripheral clock disable */
  99:Core/Src/usart.c ****     __HAL_RCC_USART1_CLK_DISABLE();
 100:Core/Src/usart.c **** 
 101:Core/Src/usart.c ****     /**USART1 GPIO Configuration
 102:Core/Src/usart.c ****     PA9     ------> USART1_TX
 103:Core/Src/usart.c ****     */
 104:Core/Src/usart.c ****     HAL_GPIO_DeInit(USART1_TX_DBG_GPIO_Port, USART1_TX_DBG_Pin);
 105:Core/Src/usart.c **** 
 106:Core/Src/usart.c ****   /* USER CODE BEGIN USART1_MspDeInit 1 */
 107:Core/Src/usart.c **** 
 108:Core/Src/usart.c ****   /* USER CODE END USART1_MspDeInit 1 */
 109:Core/Src/usart.c ****   }
 110:Core/Src/usart.c **** }
 247              		.loc 1 110 1 view .LVU66
 248              		@ sp needed
 249 000a 10BD     		pop	{r4, pc}
 250              	.LVL10:
 251              	.L13:
  99:Core/Src/usart.c **** 
 252              		.loc 1 99 5 is_stmt 1 view .LVU67
 253 000c 064A     		ldr	r2, .L14+4
 254 000e 9369     		ldr	r3, [r2, #24]
 255 0010 0649     		ldr	r1, .L14+8
 256 0012 0B40     		ands	r3, r1
 257 0014 9361     		str	r3, [r2, #24]
 104:Core/Src/usart.c **** 
 258              		.loc 1 104 5 view .LVU68
 259 0016 8021     		movs	r1, #128
 260 0018 9020     		movs	r0, #144
 261              	.LVL11:
 104:Core/Src/usart.c **** 
 262              		.loc 1 104 5 is_stmt 0 view .LVU69
 263 001a 8900     		lsls	r1, r1, #2
 264 001c C005     		lsls	r0, r0, #23
 265 001e FFF7FEFF 		bl	HAL_GPIO_DeInit
 266              	.LVL12:
 267              		.loc 1 110 1 view .LVU70
ARM GAS  /tmp/ccwMstnq.s 			page 8


 268 0022 F2E7     		b	.L11
 269              	.L15:
 270              		.align	2
 271              	.L14:
 272 0024 00380140 		.word	1073821696
 273 0028 00100240 		.word	1073876992
 274 002c FFBFFFFF 		.word	-16385
 275              		.cfi_endproc
 276              	.LFE42:
 278              		.global	huart1
 279              		.section	.bss.huart1,"aw",%nobits
 280              		.align	2
 283              	huart1:
 284 0000 00000000 		.space	136
 284      00000000 
 284      00000000 
 284      00000000 
 284      00000000 
 285              		.text
 286              	.Letext0:
 287              		.file 2 "/usr/lib/gcc/arm-none-eabi/13.3.1/include/stdint.h"
 288              		.file 3 "Drivers/CMSIS/Device/ST/STM32F0xx/Include/stm32f042x6.h"
 289              		.file 4 "Drivers/STM32F0xx_HAL_Driver/Inc/stm32f0xx_hal_def.h"
 290              		.file 5 "Drivers/STM32F0xx_HAL_Driver/Inc/stm32f0xx_hal_gpio.h"
 291              		.file 6 "Drivers/STM32F0xx_HAL_Driver/Inc/stm32f0xx_hal_dma.h"
 292              		.file 7 "Drivers/STM32F0xx_HAL_Driver/Inc/stm32f0xx_hal_uart.h"
 293              		.file 8 "Core/Inc/usart.h"
 294              		.file 9 "Core/Inc/main.h"
 295              		.file 10 "<built-in>"
ARM GAS  /tmp/ccwMstnq.s 			page 9


DEFINED SYMBOLS
                            *ABS*:00000000 usart.c
     /tmp/ccwMstnq.s:19     .text.MX_USART1_UART_Init:00000000 $t
     /tmp/ccwMstnq.s:25     .text.MX_USART1_UART_Init:00000000 MX_USART1_UART_Init
     /tmp/ccwMstnq.s:92     .text.MX_USART1_UART_Init:00000034 $d
     /tmp/ccwMstnq.s:283    .bss.huart1:00000000 huart1
     /tmp/ccwMstnq.s:98     .text.HAL_UART_MspInit:00000000 $t
     /tmp/ccwMstnq.s:104    .text.HAL_UART_MspInit:00000000 HAL_UART_MspInit
     /tmp/ccwMstnq.s:213    .text.HAL_UART_MspInit:00000064 $d
     /tmp/ccwMstnq.s:219    .text.HAL_UART_MspDeInit:00000000 $t
     /tmp/ccwMstnq.s:225    .text.HAL_UART_MspDeInit:00000000 HAL_UART_MspDeInit
     /tmp/ccwMstnq.s:272    .text.HAL_UART_MspDeInit:00000024 $d
     /tmp/ccwMstnq.s:280    .bss.huart1:00000000 $d

UNDEFINED SYMBOLS
HAL_HalfDuplex_Init
Error_Handler
memset
HAL_GPIO_Init
HAL_GPIO_DeInit
